[E 231213 11:53:08 demo2:178] Error in checking bullish engulfing pattern for token 14753: 'NoneType' object is not subscriptable
    Traceback (most recent call last):
      File "/home/ayush/Desktop/angelone_smartapi/angelOne/demo2.py", line 154, in check_bullish_engulfing
        last_green_candle = candle_data[-1][4] - candle_data[-1][1]
                            ~~~~~~~~~~~^^^^
    TypeError: 'NoneType' object is not subscriptable
[E 231213 11:53:08 demo2:144] Error in checking hammer pattern for token 14753: 'NoneType' object is not subscriptable
    Traceback (most recent call last):
      File "/home/ayush/Desktop/angelone_smartapi/angelOne/demo2.py", line 134, in check_hammer_pattern
        body = (candle_data[-1][4] - candle_data[-1][1])
                ~~~~~~~~~~~^^^^
    TypeError: 'NoneType' object is not subscriptable
[E 231213 11:53:08 demo2:126] Error in checking gap-up pattern for token 14753: 'NoneType' object is not subscriptable
    Traceback (most recent call last):
      File "/home/ayush/Desktop/angelone_smartapi/angelOne/demo2.py", line 115, in gapup_pattern
        current_open = candle_data[-1][1]
                       ~~~~~~~~~~~^^^^
    TypeError: 'NoneType' object is not subscriptable
[E 231213 11:53:08 demo2:196] Error in checking Doji pattern for token 14753: 'NoneType' object is not subscriptable
    Traceback (most recent call last):
      File "/home/ayush/Desktop/angelone_smartapi/angelOne/demo2.py", line 187, in check_doji_pattern
        price_difference = abs(candle_data[-1][1] - candle_data[-1][4])
                               ~~~~~~~~~~~^^^^
    TypeError: 'NoneType' object is not subscriptable
[E 231213 11:53:08 demo2:216] Error in checking Doji pattern for token 14753: 'NoneType' object is not subscriptable
    Traceback (most recent call last):
      File "/home/ayush/Desktop/angelone_smartapi/angelOne/demo2.py", line 204, in bullish_piercing_pattern
        open_price, close_price = candle_data[-2][1], candle_data[-2][4]   #this is for candle before current
                                  ~~~~~~~~~~~^^^^
    TypeError: 'NoneType' object is not subscriptable
[E 231213 11:53:08 demo2:178] Error in checking bullish engulfing pattern for token 14764: 'NoneType' object is not subscriptable
    Traceback (most recent call last):
      File "/home/ayush/Desktop/angelone_smartapi/angelOne/demo2.py", line 154, in check_bullish_engulfing
        last_green_candle = candle_data[-1][4] - candle_data[-1][1]
                            ~~~~~~~~~~~^^^^
    TypeError: 'NoneType' object is not subscriptable
[E 231213 11:53:08 demo2:144] Error in checking hammer pattern for token 14764: 'NoneType' object is not subscriptable
    Traceback (most recent call last):
      File "/home/ayush/Desktop/angelone_smartapi/angelOne/demo2.py", line 134, in check_hammer_pattern
        body = (candle_data[-1][4] - candle_data[-1][1])
                ~~~~~~~~~~~^^^^
    TypeError: 'NoneType' object is not subscriptable
[E 231213 11:53:08 demo2:126] Error in checking gap-up pattern for token 14764: 'NoneType' object is not subscriptable
    Traceback (most recent call last):
      File "/home/ayush/Desktop/angelone_smartapi/angelOne/demo2.py", line 115, in gapup_pattern
        current_open = candle_data[-1][1]
                       ~~~~~~~~~~~^^^^
    TypeError: 'NoneType' object is not subscriptable
[E 231213 11:53:08 demo2:196] Error in checking Doji pattern for token 14764: 'NoneType' object is not subscriptable
    Traceback (most recent call last):
      File "/home/ayush/Desktop/angelone_smartapi/angelOne/demo2.py", line 187, in check_doji_pattern
        price_difference = abs(candle_data[-1][1] - candle_data[-1][4])
                               ~~~~~~~~~~~^^^^
    TypeError: 'NoneType' object is not subscriptable
[E 231213 11:53:08 demo2:216] Error in checking Doji pattern for token 14764: 'NoneType' object is not subscriptable
    Traceback (most recent call last):
      File "/home/ayush/Desktop/angelone_smartapi/angelOne/demo2.py", line 204, in bullish_piercing_pattern
        open_price, close_price = candle_data[-2][1], candle_data[-2][4]   #this is for candle before current
                                  ~~~~~~~~~~~^^^^
    TypeError: 'NoneType' object is not subscriptable
[E 231213 11:53:08 demo2:178] Error in checking bullish engulfing pattern for token 14774: 'NoneType' object is not subscriptable
    Traceback (most recent call last):
      File "/home/ayush/Desktop/angelone_smartapi/angelOne/demo2.py", line 154, in check_bullish_engulfing
        last_green_candle = candle_data[-1][4] - candle_data[-1][1]
                            ~~~~~~~~~~~^^^^
    TypeError: 'NoneType' object is not subscriptable
[E 231213 11:53:08 demo2:144] Error in checking hammer pattern for token 14774: 'NoneType' object is not subscriptable
    Traceback (most recent call last):
      File "/home/ayush/Desktop/angelone_smartapi/angelOne/demo2.py", line 134, in check_hammer_pattern
        body = (candle_data[-1][4] - candle_data[-1][1])
                ~~~~~~~~~~~^^^^
    TypeError: 'NoneType' object is not subscriptable
[E 231213 11:53:08 demo2:126] Error in checking gap-up pattern for token 14774: 'NoneType' object is not subscriptable
    Traceback (most recent call last):
      File "/home/ayush/Desktop/angelone_smartapi/angelOne/demo2.py", line 115, in gapup_pattern
        current_open = candle_data[-1][1]
                       ~~~~~~~~~~~^^^^
    TypeError: 'NoneType' object is not subscriptable
[E 231213 11:53:08 demo2:196] Error in checking Doji pattern for token 14774: 'NoneType' object is not subscriptable
    Traceback (most recent call last):
      File "/home/ayush/Desktop/angelone_smartapi/angelOne/demo2.py", line 187, in check_doji_pattern
        price_difference = abs(candle_data[-1][1] - candle_data[-1][4])
                               ~~~~~~~~~~~^^^^
    TypeError: 'NoneType' object is not subscriptable
[E 231213 11:53:08 demo2:216] Error in checking Doji pattern for token 14774: 'NoneType' object is not subscriptable
    Traceback (most recent call last):
      File "/home/ayush/Desktop/angelone_smartapi/angelOne/demo2.py", line 204, in bullish_piercing_pattern
        open_price, close_price = candle_data[-2][1], candle_data[-2][4]   #this is for candle before current
                                  ~~~~~~~~~~~^^^^
    TypeError: 'NoneType' object is not subscriptable
[E 231213 11:53:08 demo2:178] Error in checking bullish engulfing pattern for token 12842: 'NoneType' object is not subscriptable
    Traceback (most recent call last):
      File "/home/ayush/Desktop/angelone_smartapi/angelOne/demo2.py", line 154, in check_bullish_engulfing
        last_green_candle = candle_data[-1][4] - candle_data[-1][1]
                            ~~~~~~~~~~~^^^^
    TypeError: 'NoneType' object is not subscriptable
[E 231213 11:53:08 demo2:144] Error in checking hammer pattern for token 12842: 'NoneType' object is not subscriptable
    Traceback (most recent call last):
      File "/home/ayush/Desktop/angelone_smartapi/angelOne/demo2.py", line 134, in check_hammer_pattern
        body = (candle_data[-1][4] - candle_data[-1][1])
                ~~~~~~~~~~~^^^^
    TypeError: 'NoneType' object is not subscriptable
[E 231213 11:53:08 demo2:126] Error in checking gap-up pattern for token 12842: 'NoneType' object is not subscriptable
    Traceback (most recent call last):
      File "/home/ayush/Desktop/angelone_smartapi/angelOne/demo2.py", line 115, in gapup_pattern
        current_open = candle_data[-1][1]
                       ~~~~~~~~~~~^^^^
    TypeError: 'NoneType' object is not subscriptable
[E 231213 11:53:08 demo2:196] Error in checking Doji pattern for token 12842: 'NoneType' object is not subscriptable
    Traceback (most recent call last):
      File "/home/ayush/Desktop/angelone_smartapi/angelOne/demo2.py", line 187, in check_doji_pattern
        price_difference = abs(candle_data[-1][1] - candle_data[-1][4])
                               ~~~~~~~~~~~^^^^
    TypeError: 'NoneType' object is not subscriptable
[E 231213 11:53:08 demo2:216] Error in checking Doji pattern for token 12842: 'NoneType' object is not subscriptable
    Traceback (most recent call last):
      File "/home/ayush/Desktop/angelone_smartapi/angelOne/demo2.py", line 204, in bullish_piercing_pattern
        open_price, close_price = candle_data[-2][1], candle_data[-2][4]   #this is for candle before current
                                  ~~~~~~~~~~~^^^^
    TypeError: 'NoneType' object is not subscriptable
[E 231213 11:53:08 demo2:178] Error in checking bullish engulfing pattern for token 14781: 'NoneType' object is not subscriptable
    Traceback (most recent call last):
      File "/home/ayush/Desktop/angelone_smartapi/angelOne/demo2.py", line 154, in check_bullish_engulfing
        last_green_candle = candle_data[-1][4] - candle_data[-1][1]
                            ~~~~~~~~~~~^^^^
    TypeError: 'NoneType' object is not subscriptable
[E 231213 11:53:08 demo2:144] Error in checking hammer pattern for token 14781: 'NoneType' object is not subscriptable
    Traceback (most recent call last):
      File "/home/ayush/Desktop/angelone_smartapi/angelOne/demo2.py", line 134, in check_hammer_pattern
        body = (candle_data[-1][4] - candle_data[-1][1])
                ~~~~~~~~~~~^^^^
    TypeError: 'NoneType' object is not subscriptable
[E 231213 11:53:08 demo2:126] Error in checking gap-up pattern for token 14781: 'NoneType' object is not subscriptable
    Traceback (most recent call last):
      File "/home/ayush/Desktop/angelone_smartapi/angelOne/demo2.py", line 115, in gapup_pattern
        current_open = candle_data[-1][1]
                       ~~~~~~~~~~~^^^^
    TypeError: 'NoneType' object is not subscriptable
[E 231213 11:53:08 demo2:196] Error in checking Doji pattern for token 14781: 'NoneType' object is not subscriptable
    Traceback (most recent call last):
      File "/home/ayush/Desktop/angelone_smartapi/angelOne/demo2.py", line 187, in check_doji_pattern
        price_difference = abs(candle_data[-1][1] - candle_data[-1][4])
                               ~~~~~~~~~~~^^^^
    TypeError: 'NoneType' object is not subscriptable
[E 231213 11:53:08 demo2:216] Error in checking Doji pattern for token 14781: 'NoneType' object is not subscriptable
    Traceback (most recent call last):
      File "/home/ayush/Desktop/angelone_smartapi/angelOne/demo2.py", line 204, in bullish_piercing_pattern
        open_price, close_price = candle_data[-2][1], candle_data[-2][4]   #this is for candle before current
                                  ~~~~~~~~~~~^^^^
    TypeError: 'NoneType' object is not subscriptable
[E 231213 11:53:08 demo2:178] Error in checking bullish engulfing pattern for token 14767: 'NoneType' object is not subscriptable
    Traceback (most recent call last):
      File "/home/ayush/Desktop/angelone_smartapi/angelOne/demo2.py", line 154, in check_bullish_engulfing
        last_green_candle = candle_data[-1][4] - candle_data[-1][1]
                            ~~~~~~~~~~~^^^^
    TypeError: 'NoneType' object is not subscriptable
[E 231213 11:53:08 demo2:144] Error in checking hammer pattern for token 14767: 'NoneType' object is not subscriptable
    Traceback (most recent call last):
      File "/home/ayush/Desktop/angelone_smartapi/angelOne/demo2.py", line 134, in check_hammer_pattern
        body = (candle_data[-1][4] - candle_data[-1][1])
                ~~~~~~~~~~~^^^^
    TypeError: 'NoneType' object is not subscriptable
[E 231213 11:53:08 demo2:126] Error in checking gap-up pattern for token 14767: 'NoneType' object is not subscriptable
    Traceback (most recent call last):
      File "/home/ayush/Desktop/angelone_smartapi/angelOne/demo2.py", line 115, in gapup_pattern
        current_open = candle_data[-1][1]
                       ~~~~~~~~~~~^^^^
    TypeError: 'NoneType' object is not subscriptable
[E 231213 11:53:08 demo2:196] Error in checking Doji pattern for token 14767: 'NoneType' object is not subscriptable
    Traceback (most recent call last):
      File "/home/ayush/Desktop/angelone_smartapi/angelOne/demo2.py", line 187, in check_doji_pattern
        price_difference = abs(candle_data[-1][1] - candle_data[-1][4])
                               ~~~~~~~~~~~^^^^
    TypeError: 'NoneType' object is not subscriptable
[E 231213 11:53:08 demo2:216] Error in checking Doji pattern for token 14767: 'NoneType' object is not subscriptable
    Traceback (most recent call last):
      File "/home/ayush/Desktop/angelone_smartapi/angelOne/demo2.py", line 204, in bullish_piercing_pattern
        open_price, close_price = candle_data[-2][1], candle_data[-2][4]   #this is for candle before current
                                  ~~~~~~~~~~~^^^^
    TypeError: 'NoneType' object is not subscriptable
[E 231213 11:53:08 demo2:178] Error in checking bullish engulfing pattern for token 12848: 'NoneType' object is not subscriptable
    Traceback (most recent call last):
      File "/home/ayush/Desktop/angelone_smartapi/angelOne/demo2.py", line 154, in check_bullish_engulfing
        last_green_candle = candle_data[-1][4] - candle_data[-1][1]
                            ~~~~~~~~~~~^^^^
    TypeError: 'NoneType' object is not subscriptable
[E 231213 11:53:08 demo2:144] Error in checking hammer pattern for token 12848: 'NoneType' object is not subscriptable
    Traceback (most recent call last):
      File "/home/ayush/Desktop/angelone_smartapi/angelOne/demo2.py", line 134, in check_hammer_pattern
        body = (candle_data[-1][4] - candle_data[-1][1])
                ~~~~~~~~~~~^^^^
    TypeError: 'NoneType' object is not subscriptable
[E 231213 11:53:08 demo2:126] Error in checking gap-up pattern for token 12848: 'NoneType' object is not subscriptable
    Traceback (most recent call last):
      File "/home/ayush/Desktop/angelone_smartapi/angelOne/demo2.py", line 115, in gapup_pattern
        current_open = candle_data[-1][1]
                       ~~~~~~~~~~~^^^^
    TypeError: 'NoneType' object is not subscriptable
[E 231213 11:53:08 demo2:196] Error in checking Doji pattern for token 12848: 'NoneType' object is not subscriptable
    Traceback (most recent call last):
      File "/home/ayush/Desktop/angelone_smartapi/angelOne/demo2.py", line 187, in check_doji_pattern
        price_difference = abs(candle_data[-1][1] - candle_data[-1][4])
                               ~~~~~~~~~~~^^^^
    TypeError: 'NoneType' object is not subscriptable
[E 231213 11:53:08 demo2:216] Error in checking Doji pattern for token 12848: 'NoneType' object is not subscriptable
    Traceback (most recent call last):
      File "/home/ayush/Desktop/angelone_smartapi/angelOne/demo2.py", line 204, in bullish_piercing_pattern
        open_price, close_price = candle_data[-2][1], candle_data[-2][4]   #this is for candle before current
                                  ~~~~~~~~~~~^^^^
    TypeError: 'NoneType' object is not subscriptable
[E 231213 11:53:08 demo2:178] Error in checking bullish engulfing pattern for token 14758: 'NoneType' object is not subscriptable
    Traceback (most recent call last):
      File "/home/ayush/Desktop/angelone_smartapi/angelOne/demo2.py", line 154, in check_bullish_engulfing
        last_green_candle = candle_data[-1][4] - candle_data[-1][1]
                            ~~~~~~~~~~~^^^^
    TypeError: 'NoneType' object is not subscriptable
[E 231213 11:53:08 demo2:144] Error in checking hammer pattern for token 14758: 'NoneType' object is not subscriptable
    Traceback (most recent call last):
      File "/home/ayush/Desktop/angelone_smartapi/angelOne/demo2.py", line 134, in check_hammer_pattern
        body = (candle_data[-1][4] - candle_data[-1][1])
                ~~~~~~~~~~~^^^^
    TypeError: 'NoneType' object is not subscriptable
[E 231213 11:53:08 demo2:126] Error in checking gap-up pattern for token 14758: 'NoneType' object is not subscriptable
    Traceback (most recent call last):
      File "/home/ayush/Desktop/angelone_smartapi/angelOne/demo2.py", line 115, in gapup_pattern
        current_open = candle_data[-1][1]
                       ~~~~~~~~~~~^^^^
    TypeError: 'NoneType' object is not subscriptable
[E 231213 11:53:08 demo2:196] Error in checking Doji pattern for token 14758: 'NoneType' object is not subscriptable
    Traceback (most recent call last):
      File "/home/ayush/Desktop/angelone_smartapi/angelOne/demo2.py", line 187, in check_doji_pattern
        price_difference = abs(candle_data[-1][1] - candle_data[-1][4])
                               ~~~~~~~~~~~^^^^
    TypeError: 'NoneType' object is not subscriptable
[E 231213 11:53:08 demo2:216] Error in checking Doji pattern for token 14758: 'NoneType' object is not subscriptable
    Traceback (most recent call last):
      File "/home/ayush/Desktop/angelone_smartapi/angelOne/demo2.py", line 204, in bullish_piercing_pattern
        open_price, close_price = candle_data[-2][1], candle_data[-2][4]   #this is for candle before current
                                  ~~~~~~~~~~~^^^^
    TypeError: 'NoneType' object is not subscriptable
[E 231213 11:53:08 demo2:178] Error in checking bullish engulfing pattern for token 14777: 'NoneType' object is not subscriptable
    Traceback (most recent call last):
      File "/home/ayush/Desktop/angelone_smartapi/angelOne/demo2.py", line 154, in check_bullish_engulfing
        last_green_candle = candle_data[-1][4] - candle_data[-1][1]
                            ~~~~~~~~~~~^^^^
    TypeError: 'NoneType' object is not subscriptable
[E 231213 11:53:08 demo2:144] Error in checking hammer pattern for token 14777: 'NoneType' object is not subscriptable
    Traceback (most recent call last):
      File "/home/ayush/Desktop/angelone_smartapi/angelOne/demo2.py", line 134, in check_hammer_pattern
        body = (candle_data[-1][4] - candle_data[-1][1])
                ~~~~~~~~~~~^^^^
    TypeError: 'NoneType' object is not subscriptable
[E 231213 11:53:08 demo2:126] Error in checking gap-up pattern for token 14777: 'NoneType' object is not subscriptable
    Traceback (most recent call last):
      File "/home/ayush/Desktop/angelone_smartapi/angelOne/demo2.py", line 115, in gapup_pattern
        current_open = candle_data[-1][1]
                       ~~~~~~~~~~~^^^^
    TypeError: 'NoneType' object is not subscriptable
[E 231213 11:53:08 demo2:196] Error in checking Doji pattern for token 14777: 'NoneType' object is not subscriptable
    Traceback (most recent call last):
      File "/home/ayush/Desktop/angelone_smartapi/angelOne/demo2.py", line 187, in check_doji_pattern
        price_difference = abs(candle_data[-1][1] - candle_data[-1][4])
                               ~~~~~~~~~~~^^^^
    TypeError: 'NoneType' object is not subscriptable
[E 231213 11:53:08 demo2:216] Error in checking Doji pattern for token 14777: 'NoneType' object is not subscriptable
    Traceback (most recent call last):
      File "/home/ayush/Desktop/angelone_smartapi/angelOne/demo2.py", line 204, in bullish_piercing_pattern
        open_price, close_price = candle_data[-2][1], candle_data[-2][4]   #this is for candle before current
                                  ~~~~~~~~~~~^^^^
    TypeError: 'NoneType' object is not subscriptable
[E 231213 11:53:08 demo2:178] Error in checking bullish engulfing pattern for token 14751: 'NoneType' object is not subscriptable
    Traceback (most recent call last):
      File "/home/ayush/Desktop/angelone_smartapi/angelOne/demo2.py", line 154, in check_bullish_engulfing
        last_green_candle = candle_data[-1][4] - candle_data[-1][1]
                            ~~~~~~~~~~~^^^^
    TypeError: 'NoneType' object is not subscriptable
[E 231213 11:53:08 demo2:144] Error in checking hammer pattern for token 14751: 'NoneType' object is not subscriptable
    Traceback (most recent call last):
      File "/home/ayush/Desktop/angelone_smartapi/angelOne/demo2.py", line 134, in check_hammer_pattern
        body = (candle_data[-1][4] - candle_data[-1][1])
                ~~~~~~~~~~~^^^^
    TypeError: 'NoneType' object is not subscriptable
[E 231213 11:53:08 demo2:126] Error in checking gap-up pattern for token 14751: 'NoneType' object is not subscriptable
    Traceback (most recent call last):
      File "/home/ayush/Desktop/angelone_smartapi/angelOne/demo2.py", line 115, in gapup_pattern
        current_open = candle_data[-1][1]
                       ~~~~~~~~~~~^^^^
    TypeError: 'NoneType' object is not subscriptable
[E 231213 11:53:08 demo2:196] Error in checking Doji pattern for token 14751: 'NoneType' object is not subscriptable
    Traceback (most recent call last):
      File "/home/ayush/Desktop/angelone_smartapi/angelOne/demo2.py", line 187, in check_doji_pattern
        price_difference = abs(candle_data[-1][1] - candle_data[-1][4])
                               ~~~~~~~~~~~^^^^
    TypeError: 'NoneType' object is not subscriptable
[E 231213 11:53:08 demo2:216] Error in checking Doji pattern for token 14751: 'NoneType' object is not subscriptable
    Traceback (most recent call last):
      File "/home/ayush/Desktop/angelone_smartapi/angelOne/demo2.py", line 204, in bullish_piercing_pattern
        open_price, close_price = candle_data[-2][1], candle_data[-2][4]   #this is for candle before current
                                  ~~~~~~~~~~~^^^^
    TypeError: 'NoneType' object is not subscriptable
[E 231213 11:53:08 demo2:178] Error in checking bullish engulfing pattern for token 12841: 'NoneType' object is not subscriptable
    Traceback (most recent call last):
      File "/home/ayush/Desktop/angelone_smartapi/angelOne/demo2.py", line 154, in check_bullish_engulfing
        last_green_candle = candle_data[-1][4] - candle_data[-1][1]
                            ~~~~~~~~~~~^^^^
    TypeError: 'NoneType' object is not subscriptable
[E 231213 11:53:08 demo2:144] Error in checking hammer pattern for token 12841: 'NoneType' object is not subscriptable
    Traceback (most recent call last):
      File "/home/ayush/Desktop/angelone_smartapi/angelOne/demo2.py", line 134, in check_hammer_pattern
        body = (candle_data[-1][4] - candle_data[-1][1])
                ~~~~~~~~~~~^^^^
    TypeError: 'NoneType' object is not subscriptable
[E 231213 11:53:08 demo2:126] Error in checking gap-up pattern for token 12841: 'NoneType' object is not subscriptable
    Traceback (most recent call last):
      File "/home/ayush/Desktop/angelone_smartapi/angelOne/demo2.py", line 115, in gapup_pattern
        current_open = candle_data[-1][1]
                       ~~~~~~~~~~~^^^^
    TypeError: 'NoneType' object is not subscriptable
[E 231213 11:53:08 demo2:196] Error in checking Doji pattern for token 12841: 'NoneType' object is not subscriptable
    Traceback (most recent call last):
      File "/home/ayush/Desktop/angelone_smartapi/angelOne/demo2.py", line 187, in check_doji_pattern
        price_difference = abs(candle_data[-1][1] - candle_data[-1][4])
                               ~~~~~~~~~~~^^^^
    TypeError: 'NoneType' object is not subscriptable
[E 231213 11:53:08 demo2:216] Error in checking Doji pattern for token 12841: 'NoneType' object is not subscriptable
    Traceback (most recent call last):
      File "/home/ayush/Desktop/angelone_smartapi/angelOne/demo2.py", line 204, in bullish_piercing_pattern
        open_price, close_price = candle_data[-2][1], candle_data[-2][4]   #this is for candle before current
                                  ~~~~~~~~~~~^^^^
    TypeError: 'NoneType' object is not subscriptable
[E 231213 11:53:08 demo2:178] Error in checking bullish engulfing pattern for token 14769: 'NoneType' object is not subscriptable
    Traceback (most recent call last):
      File "/home/ayush/Desktop/angelone_smartapi/angelOne/demo2.py", line 154, in check_bullish_engulfing
        last_green_candle = candle_data[-1][4] - candle_data[-1][1]
                            ~~~~~~~~~~~^^^^
    TypeError: 'NoneType' object is not subscriptable
[E 231213 11:53:08 demo2:144] Error in checking hammer pattern for token 14769: 'NoneType' object is not subscriptable
    Traceback (most recent call last):
      File "/home/ayush/Desktop/angelone_smartapi/angelOne/demo2.py", line 134, in check_hammer_pattern
        body = (candle_data[-1][4] - candle_data[-1][1])
                ~~~~~~~~~~~^^^^
    TypeError: 'NoneType' object is not subscriptable
[E 231213 11:53:08 demo2:126] Error in checking gap-up pattern for token 14769: 'NoneType' object is not subscriptable
    Traceback (most recent call last):
      File "/home/ayush/Desktop/angelone_smartapi/angelOne/demo2.py", line 115, in gapup_pattern
        current_open = candle_data[-1][1]
                       ~~~~~~~~~~~^^^^
    TypeError: 'NoneType' object is not subscriptable
[E 231213 11:53:08 demo2:196] Error in checking Doji pattern for token 14769: 'NoneType' object is not subscriptable
    Traceback (most recent call last):
      File "/home/ayush/Desktop/angelone_smartapi/angelOne/demo2.py", line 187, in check_doji_pattern
        price_difference = abs(candle_data[-1][1] - candle_data[-1][4])
                               ~~~~~~~~~~~^^^^
    TypeError: 'NoneType' object is not subscriptable
[E 231213 11:53:08 demo2:216] Error in checking Doji pattern for token 14769: 'NoneType' object is not subscriptable
    Traceback (most recent call last):
      File "/home/ayush/Desktop/angelone_smartapi/angelOne/demo2.py", line 204, in bullish_piercing_pattern
        open_price, close_price = candle_data[-2][1], candle_data[-2][4]   #this is for candle before current
                                  ~~~~~~~~~~~^^^^
    TypeError: 'NoneType' object is not subscriptable
[E 231213 11:53:08 demo2:178] Error in checking bullish engulfing pattern for token 14784: 'NoneType' object is not subscriptable
    Traceback (most recent call last):
      File "/home/ayush/Desktop/angelone_smartapi/angelOne/demo2.py", line 154, in check_bullish_engulfing
        last_green_candle = candle_data[-1][4] - candle_data[-1][1]
                            ~~~~~~~~~~~^^^^
    TypeError: 'NoneType' object is not subscriptable
[E 231213 11:53:08 demo2:144] Error in checking hammer pattern for token 14784: 'NoneType' object is not subscriptable
    Traceback (most recent call last):
      File "/home/ayush/Desktop/angelone_smartapi/angelOne/demo2.py", line 134, in check_hammer_pattern
        body = (candle_data[-1][4] - candle_data[-1][1])
                ~~~~~~~~~~~^^^^
    TypeError: 'NoneType' object is not subscriptable
[E 231213 11:53:08 demo2:126] Error in checking gap-up pattern for token 14784: 'NoneType' object is not subscriptable
    Traceback (most recent call last):
      File "/home/ayush/Desktop/angelone_smartapi/angelOne/demo2.py", line 115, in gapup_pattern
        current_open = candle_data[-1][1]
                       ~~~~~~~~~~~^^^^
    TypeError: 'NoneType' object is not subscriptable
[E 231213 11:53:08 demo2:196] Error in checking Doji pattern for token 14784: 'NoneType' object is not subscriptable
    Traceback (most recent call last):
      File "/home/ayush/Desktop/angelone_smartapi/angelOne/demo2.py", line 187, in check_doji_pattern
        price_difference = abs(candle_data[-1][1] - candle_data[-1][4])
                               ~~~~~~~~~~~^^^^
    TypeError: 'NoneType' object is not subscriptable
[E 231213 11:53:08 demo2:216] Error in checking Doji pattern for token 14784: 'NoneType' object is not subscriptable
    Traceback (most recent call last):
      File "/home/ayush/Desktop/angelone_smartapi/angelOne/demo2.py", line 204, in bullish_piercing_pattern
        open_price, close_price = candle_data[-2][1], candle_data[-2][4]   #this is for candle before current
                                  ~~~~~~~~~~~^^^^
    TypeError: 'NoneType' object is not subscriptable
[E 231213 11:53:08 demo2:178] Error in checking bullish engulfing pattern for token 12863: 'NoneType' object is not subscriptable
    Traceback (most recent call last):
      File "/home/ayush/Desktop/angelone_smartapi/angelOne/demo2.py", line 154, in check_bullish_engulfing
        last_green_candle = candle_data[-1][4] - candle_data[-1][1]
                            ~~~~~~~~~~~^^^^
    TypeError: 'NoneType' object is not subscriptable
[E 231213 11:53:08 demo2:144] Error in checking hammer pattern for token 12863: 'NoneType' object is not subscriptable
    Traceback (most recent call last):
      File "/home/ayush/Desktop/angelone_smartapi/angelOne/demo2.py", line 134, in check_hammer_pattern
        body = (candle_data[-1][4] - candle_data[-1][1])
                ~~~~~~~~~~~^^^^
    TypeError: 'NoneType' object is not subscriptable
[E 231213 11:53:08 demo2:126] Error in checking gap-up pattern for token 12863: 'NoneType' object is not subscriptable
    Traceback (most recent call last):
      File "/home/ayush/Desktop/angelone_smartapi/angelOne/demo2.py", line 115, in gapup_pattern
        current_open = candle_data[-1][1]
                       ~~~~~~~~~~~^^^^
    TypeError: 'NoneType' object is not subscriptable
[E 231213 11:53:08 demo2:196] Error in checking Doji pattern for token 12863: 'NoneType' object is not subscriptable
    Traceback (most recent call last):
      File "/home/ayush/Desktop/angelone_smartapi/angelOne/demo2.py", line 187, in check_doji_pattern
        price_difference = abs(candle_data[-1][1] - candle_data[-1][4])
                               ~~~~~~~~~~~^^^^
    TypeError: 'NoneType' object is not subscriptable
[E 231213 11:53:08 demo2:216] Error in checking Doji pattern for token 12863: 'NoneType' object is not subscriptable
    Traceback (most recent call last):
      File "/home/ayush/Desktop/angelone_smartapi/angelOne/demo2.py", line 204, in bullish_piercing_pattern
        open_price, close_price = candle_data[-2][1], candle_data[-2][4]   #this is for candle before current
                                  ~~~~~~~~~~~^^^^
    TypeError: 'NoneType' object is not subscriptable
[E 231213 11:53:08 demo2:178] Error in checking bullish engulfing pattern for token 14782: 'NoneType' object is not subscriptable
    Traceback (most recent call last):
      File "/home/ayush/Desktop/angelone_smartapi/angelOne/demo2.py", line 154, in check_bullish_engulfing
        last_green_candle = candle_data[-1][4] - candle_data[-1][1]
                            ~~~~~~~~~~~^^^^
    TypeError: 'NoneType' object is not subscriptable
[E 231213 11:53:08 demo2:144] Error in checking hammer pattern for token 14782: 'NoneType' object is not subscriptable
    Traceback (most recent call last):
      File "/home/ayush/Desktop/angelone_smartapi/angelOne/demo2.py", line 134, in check_hammer_pattern
        body = (candle_data[-1][4] - candle_data[-1][1])
                ~~~~~~~~~~~^^^^
    TypeError: 'NoneType' object is not subscriptable
[E 231213 11:53:08 demo2:126] Error in checking gap-up pattern for token 14782: 'NoneType' object is not subscriptable
    Traceback (most recent call last):
      File "/home/ayush/Desktop/angelone_smartapi/angelOne/demo2.py", line 115, in gapup_pattern
        current_open = candle_data[-1][1]
                       ~~~~~~~~~~~^^^^
    TypeError: 'NoneType' object is not subscriptable
[E 231213 11:53:08 demo2:196] Error in checking Doji pattern for token 14782: 'NoneType' object is not subscriptable
    Traceback (most recent call last):
      File "/home/ayush/Desktop/angelone_smartapi/angelOne/demo2.py", line 187, in check_doji_pattern
        price_difference = abs(candle_data[-1][1] - candle_data[-1][4])
                               ~~~~~~~~~~~^^^^
    TypeError: 'NoneType' object is not subscriptable
[E 231213 11:53:08 demo2:216] Error in checking Doji pattern for token 14782: 'NoneType' object is not subscriptable
    Traceback (most recent call last):
      File "/home/ayush/Desktop/angelone_smartapi/angelOne/demo2.py", line 204, in bullish_piercing_pattern
        open_price, close_price = candle_data[-2][1], candle_data[-2][4]   #this is for candle before current
                                  ~~~~~~~~~~~^^^^
    TypeError: 'NoneType' object is not subscriptable
[E 231213 11:53:08 demo2:178] Error in checking bullish engulfing pattern for token 14747: 'NoneType' object is not subscriptable
    Traceback (most recent call last):
      File "/home/ayush/Desktop/angelone_smartapi/angelOne/demo2.py", line 154, in check_bullish_engulfing
        last_green_candle = candle_data[-1][4] - candle_data[-1][1]
                            ~~~~~~~~~~~^^^^
    TypeError: 'NoneType' object is not subscriptable
[E 231213 11:53:08 demo2:144] Error in checking hammer pattern for token 14747: 'NoneType' object is not subscriptable
    Traceback (most recent call last):
      File "/home/ayush/Desktop/angelone_smartapi/angelOne/demo2.py", line 134, in check_hammer_pattern
        body = (candle_data[-1][4] - candle_data[-1][1])
                ~~~~~~~~~~~^^^^
    TypeError: 'NoneType' object is not subscriptable
[E 231213 11:53:08 demo2:126] Error in checking gap-up pattern for token 14747: 'NoneType' object is not subscriptable
    Traceback (most recent call last):
      File "/home/ayush/Desktop/angelone_smartapi/angelOne/demo2.py", line 115, in gapup_pattern
        current_open = candle_data[-1][1]
                       ~~~~~~~~~~~^^^^
    TypeError: 'NoneType' object is not subscriptable
[E 231213 11:53:08 demo2:196] Error in checking Doji pattern for token 14747: 'NoneType' object is not subscriptable
    Traceback (most recent call last):
      File "/home/ayush/Desktop/angelone_smartapi/angelOne/demo2.py", line 187, in check_doji_pattern
        price_difference = abs(candle_data[-1][1] - candle_data[-1][4])
                               ~~~~~~~~~~~^^^^
    TypeError: 'NoneType' object is not subscriptable
[E 231213 11:53:08 demo2:216] Error in checking Doji pattern for token 14747: 'NoneType' object is not subscriptable
    Traceback (most recent call last):
      File "/home/ayush/Desktop/angelone_smartapi/angelOne/demo2.py", line 204, in bullish_piercing_pattern
        open_price, close_price = candle_data[-2][1], candle_data[-2][4]   #this is for candle before current
                                  ~~~~~~~~~~~^^^^
    TypeError: 'NoneType' object is not subscriptable
[E 231213 11:53:08 demo2:178] Error in checking bullish engulfing pattern for token 14778: 'NoneType' object is not subscriptable
    Traceback (most recent call last):
      File "/home/ayush/Desktop/angelone_smartapi/angelOne/demo2.py", line 154, in check_bullish_engulfing
        last_green_candle = candle_data[-1][4] - candle_data[-1][1]
                            ~~~~~~~~~~~^^^^
    TypeError: 'NoneType' object is not subscriptable
[E 231213 11:53:08 demo2:144] Error in checking hammer pattern for token 14778: 'NoneType' object is not subscriptable
    Traceback (most recent call last):
      File "/home/ayush/Desktop/angelone_smartapi/angelOne/demo2.py", line 134, in check_hammer_pattern
        body = (candle_data[-1][4] - candle_data[-1][1])
                ~~~~~~~~~~~^^^^
    TypeError: 'NoneType' object is not subscriptable
[E 231213 11:53:08 demo2:126] Error in checking gap-up pattern for token 14778: 'NoneType' object is not subscriptable
    Traceback (most recent call last):
      File "/home/ayush/Desktop/angelone_smartapi/angelOne/demo2.py", line 115, in gapup_pattern
        current_open = candle_data[-1][1]
                       ~~~~~~~~~~~^^^^
    TypeError: 'NoneType' object is not subscriptable
[E 231213 11:53:08 demo2:196] Error in checking Doji pattern for token 14778: 'NoneType' object is not subscriptable
    Traceback (most recent call last):
      File "/home/ayush/Desktop/angelone_smartapi/angelOne/demo2.py", line 187, in check_doji_pattern
        price_difference = abs(candle_data[-1][1] - candle_data[-1][4])
                               ~~~~~~~~~~~^^^^
    TypeError: 'NoneType' object is not subscriptable
[E 231213 11:53:08 demo2:216] Error in checking Doji pattern for token 14778: 'NoneType' object is not subscriptable
    Traceback (most recent call last):
      File "/home/ayush/Desktop/angelone_smartapi/angelOne/demo2.py", line 204, in bullish_piercing_pattern
        open_price, close_price = candle_data[-2][1], candle_data[-2][4]   #this is for candle before current
                                  ~~~~~~~~~~~^^^^
    TypeError: 'NoneType' object is not subscriptable
[E 231213 11:53:08 demo2:178] Error in checking bullish engulfing pattern for token 14762: 'NoneType' object is not subscriptable
    Traceback (most recent call last):
      File "/home/ayush/Desktop/angelone_smartapi/angelOne/demo2.py", line 154, in check_bullish_engulfing
        last_green_candle = candle_data[-1][4] - candle_data[-1][1]
                            ~~~~~~~~~~~^^^^
    TypeError: 'NoneType' object is not subscriptable
[E 231213 11:53:08 demo2:144] Error in checking hammer pattern for token 14762: 'NoneType' object is not subscriptable
    Traceback (most recent call last):
      File "/home/ayush/Desktop/angelone_smartapi/angelOne/demo2.py", line 134, in check_hammer_pattern
        body = (candle_data[-1][4] - candle_data[-1][1])
                ~~~~~~~~~~~^^^^
    TypeError: 'NoneType' object is not subscriptable
[E 231213 11:53:08 demo2:126] Error in checking gap-up pattern for token 14762: 'NoneType' object is not subscriptable
    Traceback (most recent call last):
      File "/home/ayush/Desktop/angelone_smartapi/angelOne/demo2.py", line 115, in gapup_pattern
        current_open = candle_data[-1][1]
                       ~~~~~~~~~~~^^^^
    TypeError: 'NoneType' object is not subscriptable
[E 231213 11:53:08 demo2:196] Error in checking Doji pattern for token 14762: 'NoneType' object is not subscriptable
    Traceback (most recent call last):
      File "/home/ayush/Desktop/angelone_smartapi/angelOne/demo2.py", line 187, in check_doji_pattern
        price_difference = abs(candle_data[-1][1] - candle_data[-1][4])
                               ~~~~~~~~~~~^^^^
    TypeError: 'NoneType' object is not subscriptable
[E 231213 11:53:08 demo2:216] Error in checking Doji pattern for token 14762: 'NoneType' object is not subscriptable
    Traceback (most recent call last):
      File "/home/ayush/Desktop/angelone_smartapi/angelOne/demo2.py", line 204, in bullish_piercing_pattern
        open_price, close_price = candle_data[-2][1], candle_data[-2][4]   #this is for candle before current
                                  ~~~~~~~~~~~^^^^
    TypeError: 'NoneType' object is not subscriptable
[E 231213 11:53:08 demo2:178] Error in checking bullish engulfing pattern for token 14755: 'NoneType' object is not subscriptable
    Traceback (most recent call last):
      File "/home/ayush/Desktop/angelone_smartapi/angelOne/demo2.py", line 154, in check_bullish_engulfing
        last_green_candle = candle_data[-1][4] - candle_data[-1][1]
                            ~~~~~~~~~~~^^^^
    TypeError: 'NoneType' object is not subscriptable
[E 231213 11:53:08 demo2:144] Error in checking hammer pattern for token 14755: 'NoneType' object is not subscriptable
    Traceback (most recent call last):
      File "/home/ayush/Desktop/angelone_smartapi/angelOne/demo2.py", line 134, in check_hammer_pattern
        body = (candle_data[-1][4] - candle_data[-1][1])
                ~~~~~~~~~~~^^^^
    TypeError: 'NoneType' object is not subscriptable
[E 231213 11:53:08 demo2:126] Error in checking gap-up pattern for token 14755: 'NoneType' object is not subscriptable
    Traceback (most recent call last):
      File "/home/ayush/Desktop/angelone_smartapi/angelOne/demo2.py", line 115, in gapup_pattern
        current_open = candle_data[-1][1]
                       ~~~~~~~~~~~^^^^
    TypeError: 'NoneType' object is not subscriptable
[E 231213 11:53:08 demo2:196] Error in checking Doji pattern for token 14755: 'NoneType' object is not subscriptable
    Traceback (most recent call last):
      File "/home/ayush/Desktop/angelone_smartapi/angelOne/demo2.py", line 187, in check_doji_pattern
        price_difference = abs(candle_data[-1][1] - candle_data[-1][4])
                               ~~~~~~~~~~~^^^^
    TypeError: 'NoneType' object is not subscriptable
[E 231213 11:53:08 demo2:216] Error in checking Doji pattern for token 14755: 'NoneType' object is not subscriptable
    Traceback (most recent call last):
      File "/home/ayush/Desktop/angelone_smartapi/angelOne/demo2.py", line 204, in bullish_piercing_pattern
        open_price, close_price = candle_data[-2][1], candle_data[-2][4]   #this is for candle before current
                                  ~~~~~~~~~~~^^^^
    TypeError: 'NoneType' object is not subscriptable
[E 231213 11:53:08 demo2:178] Error in checking bullish engulfing pattern for token 14772: 'NoneType' object is not subscriptable
    Traceback (most recent call last):
      File "/home/ayush/Desktop/angelone_smartapi/angelOne/demo2.py", line 154, in check_bullish_engulfing
        last_green_candle = candle_data[-1][4] - candle_data[-1][1]
                            ~~~~~~~~~~~^^^^
    TypeError: 'NoneType' object is not subscriptable
[E 231213 11:53:08 demo2:144] Error in checking hammer pattern for token 14772: 'NoneType' object is not subscriptable
    Traceback (most recent call last):
      File "/home/ayush/Desktop/angelone_smartapi/angelOne/demo2.py", line 134, in check_hammer_pattern
        body = (candle_data[-1][4] - candle_data[-1][1])
                ~~~~~~~~~~~^^^^
    TypeError: 'NoneType' object is not subscriptable
[E 231213 11:53:08 demo2:126] Error in checking gap-up pattern for token 14772: 'NoneType' object is not subscriptable
    Traceback (most recent call last):
      File "/home/ayush/Desktop/angelone_smartapi/angelOne/demo2.py", line 115, in gapup_pattern
        current_open = candle_data[-1][1]
                       ~~~~~~~~~~~^^^^
    TypeError: 'NoneType' object is not subscriptable
[E 231213 11:53:08 demo2:196] Error in checking Doji pattern for token 14772: 'NoneType' object is not subscriptable
    Traceback (most recent call last):
      File "/home/ayush/Desktop/angelone_smartapi/angelOne/demo2.py", line 187, in check_doji_pattern
        price_difference = abs(candle_data[-1][1] - candle_data[-1][4])
                               ~~~~~~~~~~~^^^^
    TypeError: 'NoneType' object is not subscriptable
[E 231213 11:53:08 demo2:216] Error in checking Doji pattern for token 14772: 'NoneType' object is not subscriptable
    Traceback (most recent call last):
      File "/home/ayush/Desktop/angelone_smartapi/angelOne/demo2.py", line 204, in bullish_piercing_pattern
        open_price, close_price = candle_data[-2][1], candle_data[-2][4]   #this is for candle before current
                                  ~~~~~~~~~~~^^^^
    TypeError: 'NoneType' object is not subscriptable
[E 231213 15:05:24 demo2:178] Error in checking bullish engulfing pattern for token 14753: 'NoneType' object is not subscriptable
    Traceback (most recent call last):
      File "/home/ayush/Desktop/angelone_smartapi/angelOne/demo2.py", line 154, in check_bullish_engulfing
        last_green_candle = candle_data[-1][4] - candle_data[-1][1]
                            ~~~~~~~~~~~^^^^
    TypeError: 'NoneType' object is not subscriptable
[E 231213 15:05:24 demo2:144] Error in checking hammer pattern for token 14753: 'NoneType' object is not subscriptable
    Traceback (most recent call last):
      File "/home/ayush/Desktop/angelone_smartapi/angelOne/demo2.py", line 134, in check_hammer_pattern
        body = (candle_data[-1][4] - candle_data[-1][1])
                ~~~~~~~~~~~^^^^
    TypeError: 'NoneType' object is not subscriptable
[E 231213 15:05:24 demo2:126] Error in checking gap-up pattern for token 14753: 'NoneType' object is not subscriptable
    Traceback (most recent call last):
      File "/home/ayush/Desktop/angelone_smartapi/angelOne/demo2.py", line 115, in gapup_pattern
        current_open = candle_data[-1][1]
                       ~~~~~~~~~~~^^^^
    TypeError: 'NoneType' object is not subscriptable
[E 231213 15:05:24 demo2:196] Error in checking Doji pattern for token 14753: 'NoneType' object is not subscriptable
    Traceback (most recent call last):
      File "/home/ayush/Desktop/angelone_smartapi/angelOne/demo2.py", line 187, in check_doji_pattern
        price_difference = abs(candle_data[-1][1] - candle_data[-1][4])
                               ~~~~~~~~~~~^^^^
    TypeError: 'NoneType' object is not subscriptable
[E 231213 15:05:24 demo2:216] Error in checking Doji pattern for token 14753: 'NoneType' object is not subscriptable
    Traceback (most recent call last):
      File "/home/ayush/Desktop/angelone_smartapi/angelOne/demo2.py", line 204, in bullish_piercing_pattern
        open_price, close_price = candle_data[-2][1], candle_data[-2][4]   #this is for candle before current
                                  ~~~~~~~~~~~^^^^
    TypeError: 'NoneType' object is not subscriptable
[E 231213 15:05:24 demo2:178] Error in checking bullish engulfing pattern for token 14764: 'NoneType' object is not subscriptable
    Traceback (most recent call last):
      File "/home/ayush/Desktop/angelone_smartapi/angelOne/demo2.py", line 154, in check_bullish_engulfing
        last_green_candle = candle_data[-1][4] - candle_data[-1][1]
                            ~~~~~~~~~~~^^^^
    TypeError: 'NoneType' object is not subscriptable
[E 231213 15:05:24 demo2:144] Error in checking hammer pattern for token 14764: 'NoneType' object is not subscriptable
    Traceback (most recent call last):
      File "/home/ayush/Desktop/angelone_smartapi/angelOne/demo2.py", line 134, in check_hammer_pattern
        body = (candle_data[-1][4] - candle_data[-1][1])
                ~~~~~~~~~~~^^^^
    TypeError: 'NoneType' object is not subscriptable
[E 231213 15:05:24 demo2:126] Error in checking gap-up pattern for token 14764: 'NoneType' object is not subscriptable
    Traceback (most recent call last):
      File "/home/ayush/Desktop/angelone_smartapi/angelOne/demo2.py", line 115, in gapup_pattern
        current_open = candle_data[-1][1]
                       ~~~~~~~~~~~^^^^
    TypeError: 'NoneType' object is not subscriptable
[E 231213 15:05:24 demo2:196] Error in checking Doji pattern for token 14764: 'NoneType' object is not subscriptable
    Traceback (most recent call last):
      File "/home/ayush/Desktop/angelone_smartapi/angelOne/demo2.py", line 187, in check_doji_pattern
        price_difference = abs(candle_data[-1][1] - candle_data[-1][4])
                               ~~~~~~~~~~~^^^^
    TypeError: 'NoneType' object is not subscriptable
[E 231213 15:05:24 demo2:216] Error in checking Doji pattern for token 14764: 'NoneType' object is not subscriptable
    Traceback (most recent call last):
      File "/home/ayush/Desktop/angelone_smartapi/angelOne/demo2.py", line 204, in bullish_piercing_pattern
        open_price, close_price = candle_data[-2][1], candle_data[-2][4]   #this is for candle before current
                                  ~~~~~~~~~~~^^^^
    TypeError: 'NoneType' object is not subscriptable
[E 231213 15:05:24 demo2:178] Error in checking bullish engulfing pattern for token 14774: 'NoneType' object is not subscriptable
    Traceback (most recent call last):
      File "/home/ayush/Desktop/angelone_smartapi/angelOne/demo2.py", line 154, in check_bullish_engulfing
        last_green_candle = candle_data[-1][4] - candle_data[-1][1]
                            ~~~~~~~~~~~^^^^
    TypeError: 'NoneType' object is not subscriptable
[E 231213 15:05:24 demo2:144] Error in checking hammer pattern for token 14774: 'NoneType' object is not subscriptable
    Traceback (most recent call last):
      File "/home/ayush/Desktop/angelone_smartapi/angelOne/demo2.py", line 134, in check_hammer_pattern
        body = (candle_data[-1][4] - candle_data[-1][1])
                ~~~~~~~~~~~^^^^
    TypeError: 'NoneType' object is not subscriptable
[E 231213 15:05:24 demo2:126] Error in checking gap-up pattern for token 14774: 'NoneType' object is not subscriptable
    Traceback (most recent call last):
      File "/home/ayush/Desktop/angelone_smartapi/angelOne/demo2.py", line 115, in gapup_pattern
        current_open = candle_data[-1][1]
                       ~~~~~~~~~~~^^^^
    TypeError: 'NoneType' object is not subscriptable
[E 231213 15:05:24 demo2:196] Error in checking Doji pattern for token 14774: 'NoneType' object is not subscriptable
    Traceback (most recent call last):
      File "/home/ayush/Desktop/angelone_smartapi/angelOne/demo2.py", line 187, in check_doji_pattern
        price_difference = abs(candle_data[-1][1] - candle_data[-1][4])
                               ~~~~~~~~~~~^^^^
    TypeError: 'NoneType' object is not subscriptable
[E 231213 15:05:24 demo2:216] Error in checking Doji pattern for token 14774: 'NoneType' object is not subscriptable
    Traceback (most recent call last):
      File "/home/ayush/Desktop/angelone_smartapi/angelOne/demo2.py", line 204, in bullish_piercing_pattern
        open_price, close_price = candle_data[-2][1], candle_data[-2][4]   #this is for candle before current
                                  ~~~~~~~~~~~^^^^
    TypeError: 'NoneType' object is not subscriptable
[E 231213 15:05:24 demo2:178] Error in checking bullish engulfing pattern for token 12842: 'NoneType' object is not subscriptable
    Traceback (most recent call last):
      File "/home/ayush/Desktop/angelone_smartapi/angelOne/demo2.py", line 154, in check_bullish_engulfing
        last_green_candle = candle_data[-1][4] - candle_data[-1][1]
                            ~~~~~~~~~~~^^^^
    TypeError: 'NoneType' object is not subscriptable
[E 231213 15:05:24 demo2:144] Error in checking hammer pattern for token 12842: 'NoneType' object is not subscriptable
    Traceback (most recent call last):
      File "/home/ayush/Desktop/angelone_smartapi/angelOne/demo2.py", line 134, in check_hammer_pattern
        body = (candle_data[-1][4] - candle_data[-1][1])
                ~~~~~~~~~~~^^^^
    TypeError: 'NoneType' object is not subscriptable
[E 231213 15:05:24 demo2:126] Error in checking gap-up pattern for token 12842: 'NoneType' object is not subscriptable
    Traceback (most recent call last):
      File "/home/ayush/Desktop/angelone_smartapi/angelOne/demo2.py", line 115, in gapup_pattern
        current_open = candle_data[-1][1]
                       ~~~~~~~~~~~^^^^
    TypeError: 'NoneType' object is not subscriptable
[E 231213 15:05:24 demo2:196] Error in checking Doji pattern for token 12842: 'NoneType' object is not subscriptable
    Traceback (most recent call last):
      File "/home/ayush/Desktop/angelone_smartapi/angelOne/demo2.py", line 187, in check_doji_pattern
        price_difference = abs(candle_data[-1][1] - candle_data[-1][4])
                               ~~~~~~~~~~~^^^^
    TypeError: 'NoneType' object is not subscriptable
[E 231213 15:05:24 demo2:216] Error in checking Doji pattern for token 12842: 'NoneType' object is not subscriptable
    Traceback (most recent call last):
      File "/home/ayush/Desktop/angelone_smartapi/angelOne/demo2.py", line 204, in bullish_piercing_pattern
        open_price, close_price = candle_data[-2][1], candle_data[-2][4]   #this is for candle before current
                                  ~~~~~~~~~~~^^^^
    TypeError: 'NoneType' object is not subscriptable
[E 231213 15:05:24 demo2:178] Error in checking bullish engulfing pattern for token 14781: 'NoneType' object is not subscriptable
    Traceback (most recent call last):
      File "/home/ayush/Desktop/angelone_smartapi/angelOne/demo2.py", line 154, in check_bullish_engulfing
        last_green_candle = candle_data[-1][4] - candle_data[-1][1]
                            ~~~~~~~~~~~^^^^
    TypeError: 'NoneType' object is not subscriptable
[E 231213 15:05:24 demo2:144] Error in checking hammer pattern for token 14781: 'NoneType' object is not subscriptable
    Traceback (most recent call last):
      File "/home/ayush/Desktop/angelone_smartapi/angelOne/demo2.py", line 134, in check_hammer_pattern
        body = (candle_data[-1][4] - candle_data[-1][1])
                ~~~~~~~~~~~^^^^
    TypeError: 'NoneType' object is not subscriptable
[E 231213 15:05:24 demo2:126] Error in checking gap-up pattern for token 14781: 'NoneType' object is not subscriptable
    Traceback (most recent call last):
      File "/home/ayush/Desktop/angelone_smartapi/angelOne/demo2.py", line 115, in gapup_pattern
        current_open = candle_data[-1][1]
                       ~~~~~~~~~~~^^^^
    TypeError: 'NoneType' object is not subscriptable
[E 231213 15:05:24 demo2:196] Error in checking Doji pattern for token 14781: 'NoneType' object is not subscriptable
    Traceback (most recent call last):
      File "/home/ayush/Desktop/angelone_smartapi/angelOne/demo2.py", line 187, in check_doji_pattern
        price_difference = abs(candle_data[-1][1] - candle_data[-1][4])
                               ~~~~~~~~~~~^^^^
    TypeError: 'NoneType' object is not subscriptable
[E 231213 15:05:24 demo2:216] Error in checking Doji pattern for token 14781: 'NoneType' object is not subscriptable
    Traceback (most recent call last):
      File "/home/ayush/Desktop/angelone_smartapi/angelOne/demo2.py", line 204, in bullish_piercing_pattern
        open_price, close_price = candle_data[-2][1], candle_data[-2][4]   #this is for candle before current
                                  ~~~~~~~~~~~^^^^
    TypeError: 'NoneType' object is not subscriptable
[E 231213 15:05:24 demo2:178] Error in checking bullish engulfing pattern for token 14767: 'NoneType' object is not subscriptable
    Traceback (most recent call last):
      File "/home/ayush/Desktop/angelone_smartapi/angelOne/demo2.py", line 154, in check_bullish_engulfing
        last_green_candle = candle_data[-1][4] - candle_data[-1][1]
                            ~~~~~~~~~~~^^^^
    TypeError: 'NoneType' object is not subscriptable
[E 231213 15:05:24 demo2:144] Error in checking hammer pattern for token 14767: 'NoneType' object is not subscriptable
    Traceback (most recent call last):
      File "/home/ayush/Desktop/angelone_smartapi/angelOne/demo2.py", line 134, in check_hammer_pattern
        body = (candle_data[-1][4] - candle_data[-1][1])
                ~~~~~~~~~~~^^^^
    TypeError: 'NoneType' object is not subscriptable
[E 231213 15:05:24 demo2:126] Error in checking gap-up pattern for token 14767: 'NoneType' object is not subscriptable
    Traceback (most recent call last):
      File "/home/ayush/Desktop/angelone_smartapi/angelOne/demo2.py", line 115, in gapup_pattern
        current_open = candle_data[-1][1]
                       ~~~~~~~~~~~^^^^
    TypeError: 'NoneType' object is not subscriptable
[E 231213 15:05:24 demo2:196] Error in checking Doji pattern for token 14767: 'NoneType' object is not subscriptable
    Traceback (most recent call last):
      File "/home/ayush/Desktop/angelone_smartapi/angelOne/demo2.py", line 187, in check_doji_pattern
        price_difference = abs(candle_data[-1][1] - candle_data[-1][4])
                               ~~~~~~~~~~~^^^^
    TypeError: 'NoneType' object is not subscriptable
[E 231213 15:05:24 demo2:216] Error in checking Doji pattern for token 14767: 'NoneType' object is not subscriptable
    Traceback (most recent call last):
      File "/home/ayush/Desktop/angelone_smartapi/angelOne/demo2.py", line 204, in bullish_piercing_pattern
        open_price, close_price = candle_data[-2][1], candle_data[-2][4]   #this is for candle before current
                                  ~~~~~~~~~~~^^^^
    TypeError: 'NoneType' object is not subscriptable
[E 231213 15:05:24 demo2:178] Error in checking bullish engulfing pattern for token 12848: 'NoneType' object is not subscriptable
    Traceback (most recent call last):
      File "/home/ayush/Desktop/angelone_smartapi/angelOne/demo2.py", line 154, in check_bullish_engulfing
        last_green_candle = candle_data[-1][4] - candle_data[-1][1]
                            ~~~~~~~~~~~^^^^
    TypeError: 'NoneType' object is not subscriptable
[E 231213 15:05:24 demo2:144] Error in checking hammer pattern for token 12848: 'NoneType' object is not subscriptable
    Traceback (most recent call last):
      File "/home/ayush/Desktop/angelone_smartapi/angelOne/demo2.py", line 134, in check_hammer_pattern
        body = (candle_data[-1][4] - candle_data[-1][1])
                ~~~~~~~~~~~^^^^
    TypeError: 'NoneType' object is not subscriptable
[E 231213 15:05:24 demo2:126] Error in checking gap-up pattern for token 12848: 'NoneType' object is not subscriptable
    Traceback (most recent call last):
      File "/home/ayush/Desktop/angelone_smartapi/angelOne/demo2.py", line 115, in gapup_pattern
        current_open = candle_data[-1][1]
                       ~~~~~~~~~~~^^^^
    TypeError: 'NoneType' object is not subscriptable
[E 231213 15:05:24 demo2:196] Error in checking Doji pattern for token 12848: 'NoneType' object is not subscriptable
    Traceback (most recent call last):
      File "/home/ayush/Desktop/angelone_smartapi/angelOne/demo2.py", line 187, in check_doji_pattern
        price_difference = abs(candle_data[-1][1] - candle_data[-1][4])
                               ~~~~~~~~~~~^^^^
    TypeError: 'NoneType' object is not subscriptable
[E 231213 15:05:24 demo2:216] Error in checking Doji pattern for token 12848: 'NoneType' object is not subscriptable
    Traceback (most recent call last):
      File "/home/ayush/Desktop/angelone_smartapi/angelOne/demo2.py", line 204, in bullish_piercing_pattern
        open_price, close_price = candle_data[-2][1], candle_data[-2][4]   #this is for candle before current
                                  ~~~~~~~~~~~^^^^
    TypeError: 'NoneType' object is not subscriptable
[E 231213 15:05:24 demo2:178] Error in checking bullish engulfing pattern for token 14758: 'NoneType' object is not subscriptable
    Traceback (most recent call last):
      File "/home/ayush/Desktop/angelone_smartapi/angelOne/demo2.py", line 154, in check_bullish_engulfing
        last_green_candle = candle_data[-1][4] - candle_data[-1][1]
                            ~~~~~~~~~~~^^^^
    TypeError: 'NoneType' object is not subscriptable
[E 231213 15:05:24 demo2:144] Error in checking hammer pattern for token 14758: 'NoneType' object is not subscriptable
    Traceback (most recent call last):
      File "/home/ayush/Desktop/angelone_smartapi/angelOne/demo2.py", line 134, in check_hammer_pattern
        body = (candle_data[-1][4] - candle_data[-1][1])
                ~~~~~~~~~~~^^^^
    TypeError: 'NoneType' object is not subscriptable
[E 231213 15:05:24 demo2:126] Error in checking gap-up pattern for token 14758: 'NoneType' object is not subscriptable
    Traceback (most recent call last):
      File "/home/ayush/Desktop/angelone_smartapi/angelOne/demo2.py", line 115, in gapup_pattern
        current_open = candle_data[-1][1]
                       ~~~~~~~~~~~^^^^
    TypeError: 'NoneType' object is not subscriptable
[E 231213 15:05:24 demo2:196] Error in checking Doji pattern for token 14758: 'NoneType' object is not subscriptable
    Traceback (most recent call last):
      File "/home/ayush/Desktop/angelone_smartapi/angelOne/demo2.py", line 187, in check_doji_pattern
        price_difference = abs(candle_data[-1][1] - candle_data[-1][4])
                               ~~~~~~~~~~~^^^^
    TypeError: 'NoneType' object is not subscriptable
[E 231213 15:05:24 demo2:216] Error in checking Doji pattern for token 14758: 'NoneType' object is not subscriptable
    Traceback (most recent call last):
      File "/home/ayush/Desktop/angelone_smartapi/angelOne/demo2.py", line 204, in bullish_piercing_pattern
        open_price, close_price = candle_data[-2][1], candle_data[-2][4]   #this is for candle before current
                                  ~~~~~~~~~~~^^^^
    TypeError: 'NoneType' object is not subscriptable
[E 231213 15:05:24 demo2:178] Error in checking bullish engulfing pattern for token 14777: 'NoneType' object is not subscriptable
    Traceback (most recent call last):
      File "/home/ayush/Desktop/angelone_smartapi/angelOne/demo2.py", line 154, in check_bullish_engulfing
        last_green_candle = candle_data[-1][4] - candle_data[-1][1]
                            ~~~~~~~~~~~^^^^
    TypeError: 'NoneType' object is not subscriptable
[E 231213 15:05:24 demo2:144] Error in checking hammer pattern for token 14777: 'NoneType' object is not subscriptable
    Traceback (most recent call last):
      File "/home/ayush/Desktop/angelone_smartapi/angelOne/demo2.py", line 134, in check_hammer_pattern
        body = (candle_data[-1][4] - candle_data[-1][1])
                ~~~~~~~~~~~^^^^
    TypeError: 'NoneType' object is not subscriptable
[E 231213 15:05:24 demo2:126] Error in checking gap-up pattern for token 14777: 'NoneType' object is not subscriptable
    Traceback (most recent call last):
      File "/home/ayush/Desktop/angelone_smartapi/angelOne/demo2.py", line 115, in gapup_pattern
        current_open = candle_data[-1][1]
                       ~~~~~~~~~~~^^^^
    TypeError: 'NoneType' object is not subscriptable
[E 231213 15:05:24 demo2:196] Error in checking Doji pattern for token 14777: 'NoneType' object is not subscriptable
    Traceback (most recent call last):
      File "/home/ayush/Desktop/angelone_smartapi/angelOne/demo2.py", line 187, in check_doji_pattern
        price_difference = abs(candle_data[-1][1] - candle_data[-1][4])
                               ~~~~~~~~~~~^^^^
    TypeError: 'NoneType' object is not subscriptable
[E 231213 15:05:24 demo2:216] Error in checking Doji pattern for token 14777: 'NoneType' object is not subscriptable
    Traceback (most recent call last):
      File "/home/ayush/Desktop/angelone_smartapi/angelOne/demo2.py", line 204, in bullish_piercing_pattern
        open_price, close_price = candle_data[-2][1], candle_data[-2][4]   #this is for candle before current
                                  ~~~~~~~~~~~^^^^
    TypeError: 'NoneType' object is not subscriptable
[E 231213 15:05:24 demo2:178] Error in checking bullish engulfing pattern for token 14751: 'NoneType' object is not subscriptable
    Traceback (most recent call last):
      File "/home/ayush/Desktop/angelone_smartapi/angelOne/demo2.py", line 154, in check_bullish_engulfing
        last_green_candle = candle_data[-1][4] - candle_data[-1][1]
                            ~~~~~~~~~~~^^^^
    TypeError: 'NoneType' object is not subscriptable
[E 231213 15:05:24 demo2:144] Error in checking hammer pattern for token 14751: 'NoneType' object is not subscriptable
    Traceback (most recent call last):
      File "/home/ayush/Desktop/angelone_smartapi/angelOne/demo2.py", line 134, in check_hammer_pattern
        body = (candle_data[-1][4] - candle_data[-1][1])
                ~~~~~~~~~~~^^^^
    TypeError: 'NoneType' object is not subscriptable
[E 231213 15:05:24 demo2:126] Error in checking gap-up pattern for token 14751: 'NoneType' object is not subscriptable
    Traceback (most recent call last):
      File "/home/ayush/Desktop/angelone_smartapi/angelOne/demo2.py", line 115, in gapup_pattern
        current_open = candle_data[-1][1]
                       ~~~~~~~~~~~^^^^
    TypeError: 'NoneType' object is not subscriptable
[E 231213 15:05:24 demo2:196] Error in checking Doji pattern for token 14751: 'NoneType' object is not subscriptable
    Traceback (most recent call last):
      File "/home/ayush/Desktop/angelone_smartapi/angelOne/demo2.py", line 187, in check_doji_pattern
        price_difference = abs(candle_data[-1][1] - candle_data[-1][4])
                               ~~~~~~~~~~~^^^^
    TypeError: 'NoneType' object is not subscriptable
[E 231213 15:05:24 demo2:216] Error in checking Doji pattern for token 14751: 'NoneType' object is not subscriptable
    Traceback (most recent call last):
      File "/home/ayush/Desktop/angelone_smartapi/angelOne/demo2.py", line 204, in bullish_piercing_pattern
        open_price, close_price = candle_data[-2][1], candle_data[-2][4]   #this is for candle before current
                                  ~~~~~~~~~~~^^^^
    TypeError: 'NoneType' object is not subscriptable
[E 231213 15:05:24 demo2:178] Error in checking bullish engulfing pattern for token 12841: 'NoneType' object is not subscriptable
    Traceback (most recent call last):
      File "/home/ayush/Desktop/angelone_smartapi/angelOne/demo2.py", line 154, in check_bullish_engulfing
        last_green_candle = candle_data[-1][4] - candle_data[-1][1]
                            ~~~~~~~~~~~^^^^
    TypeError: 'NoneType' object is not subscriptable
[E 231213 15:05:24 demo2:144] Error in checking hammer pattern for token 12841: 'NoneType' object is not subscriptable
    Traceback (most recent call last):
      File "/home/ayush/Desktop/angelone_smartapi/angelOne/demo2.py", line 134, in check_hammer_pattern
        body = (candle_data[-1][4] - candle_data[-1][1])
                ~~~~~~~~~~~^^^^
    TypeError: 'NoneType' object is not subscriptable
[E 231213 15:05:24 demo2:126] Error in checking gap-up pattern for token 12841: 'NoneType' object is not subscriptable
    Traceback (most recent call last):
      File "/home/ayush/Desktop/angelone_smartapi/angelOne/demo2.py", line 115, in gapup_pattern
        current_open = candle_data[-1][1]
                       ~~~~~~~~~~~^^^^
    TypeError: 'NoneType' object is not subscriptable
[E 231213 15:05:24 demo2:196] Error in checking Doji pattern for token 12841: 'NoneType' object is not subscriptable
    Traceback (most recent call last):
      File "/home/ayush/Desktop/angelone_smartapi/angelOne/demo2.py", line 187, in check_doji_pattern
        price_difference = abs(candle_data[-1][1] - candle_data[-1][4])
                               ~~~~~~~~~~~^^^^
    TypeError: 'NoneType' object is not subscriptable
[E 231213 15:05:24 demo2:216] Error in checking Doji pattern for token 12841: 'NoneType' object is not subscriptable
    Traceback (most recent call last):
      File "/home/ayush/Desktop/angelone_smartapi/angelOne/demo2.py", line 204, in bullish_piercing_pattern
        open_price, close_price = candle_data[-2][1], candle_data[-2][4]   #this is for candle before current
                                  ~~~~~~~~~~~^^^^
    TypeError: 'NoneType' object is not subscriptable
[E 231213 15:05:24 demo2:178] Error in checking bullish engulfing pattern for token 14769: 'NoneType' object is not subscriptable
    Traceback (most recent call last):
      File "/home/ayush/Desktop/angelone_smartapi/angelOne/demo2.py", line 154, in check_bullish_engulfing
        last_green_candle = candle_data[-1][4] - candle_data[-1][1]
                            ~~~~~~~~~~~^^^^
    TypeError: 'NoneType' object is not subscriptable
[E 231213 15:05:24 demo2:144] Error in checking hammer pattern for token 14769: 'NoneType' object is not subscriptable
    Traceback (most recent call last):
      File "/home/ayush/Desktop/angelone_smartapi/angelOne/demo2.py", line 134, in check_hammer_pattern
        body = (candle_data[-1][4] - candle_data[-1][1])
                ~~~~~~~~~~~^^^^
    TypeError: 'NoneType' object is not subscriptable
[E 231213 15:05:24 demo2:126] Error in checking gap-up pattern for token 14769: 'NoneType' object is not subscriptable
    Traceback (most recent call last):
      File "/home/ayush/Desktop/angelone_smartapi/angelOne/demo2.py", line 115, in gapup_pattern
        current_open = candle_data[-1][1]
                       ~~~~~~~~~~~^^^^
    TypeError: 'NoneType' object is not subscriptable
[E 231213 15:05:24 demo2:196] Error in checking Doji pattern for token 14769: 'NoneType' object is not subscriptable
    Traceback (most recent call last):
      File "/home/ayush/Desktop/angelone_smartapi/angelOne/demo2.py", line 187, in check_doji_pattern
        price_difference = abs(candle_data[-1][1] - candle_data[-1][4])
                               ~~~~~~~~~~~^^^^
    TypeError: 'NoneType' object is not subscriptable
[E 231213 15:05:24 demo2:216] Error in checking Doji pattern for token 14769: 'NoneType' object is not subscriptable
    Traceback (most recent call last):
      File "/home/ayush/Desktop/angelone_smartapi/angelOne/demo2.py", line 204, in bullish_piercing_pattern
        open_price, close_price = candle_data[-2][1], candle_data[-2][4]   #this is for candle before current
                                  ~~~~~~~~~~~^^^^
    TypeError: 'NoneType' object is not subscriptable
[E 231213 15:05:24 demo2:178] Error in checking bullish engulfing pattern for token 14784: 'NoneType' object is not subscriptable
    Traceback (most recent call last):
      File "/home/ayush/Desktop/angelone_smartapi/angelOne/demo2.py", line 154, in check_bullish_engulfing
        last_green_candle = candle_data[-1][4] - candle_data[-1][1]
                            ~~~~~~~~~~~^^^^
    TypeError: 'NoneType' object is not subscriptable
[E 231213 15:05:24 demo2:144] Error in checking hammer pattern for token 14784: 'NoneType' object is not subscriptable
    Traceback (most recent call last):
      File "/home/ayush/Desktop/angelone_smartapi/angelOne/demo2.py", line 134, in check_hammer_pattern
        body = (candle_data[-1][4] - candle_data[-1][1])
                ~~~~~~~~~~~^^^^
    TypeError: 'NoneType' object is not subscriptable
[E 231213 15:05:24 demo2:126] Error in checking gap-up pattern for token 14784: 'NoneType' object is not subscriptable
    Traceback (most recent call last):
      File "/home/ayush/Desktop/angelone_smartapi/angelOne/demo2.py", line 115, in gapup_pattern
        current_open = candle_data[-1][1]
                       ~~~~~~~~~~~^^^^
    TypeError: 'NoneType' object is not subscriptable
[E 231213 15:05:24 demo2:196] Error in checking Doji pattern for token 14784: 'NoneType' object is not subscriptable
    Traceback (most recent call last):
      File "/home/ayush/Desktop/angelone_smartapi/angelOne/demo2.py", line 187, in check_doji_pattern
        price_difference = abs(candle_data[-1][1] - candle_data[-1][4])
                               ~~~~~~~~~~~^^^^
    TypeError: 'NoneType' object is not subscriptable
[E 231213 15:05:24 demo2:216] Error in checking Doji pattern for token 14784: 'NoneType' object is not subscriptable
    Traceback (most recent call last):
      File "/home/ayush/Desktop/angelone_smartapi/angelOne/demo2.py", line 204, in bullish_piercing_pattern
        open_price, close_price = candle_data[-2][1], candle_data[-2][4]   #this is for candle before current
                                  ~~~~~~~~~~~^^^^
    TypeError: 'NoneType' object is not subscriptable
[E 231213 15:05:24 demo2:178] Error in checking bullish engulfing pattern for token 12863: 'NoneType' object is not subscriptable
    Traceback (most recent call last):
      File "/home/ayush/Desktop/angelone_smartapi/angelOne/demo2.py", line 154, in check_bullish_engulfing
        last_green_candle = candle_data[-1][4] - candle_data[-1][1]
                            ~~~~~~~~~~~^^^^
    TypeError: 'NoneType' object is not subscriptable
[E 231213 15:05:24 demo2:144] Error in checking hammer pattern for token 12863: 'NoneType' object is not subscriptable
    Traceback (most recent call last):
      File "/home/ayush/Desktop/angelone_smartapi/angelOne/demo2.py", line 134, in check_hammer_pattern
        body = (candle_data[-1][4] - candle_data[-1][1])
                ~~~~~~~~~~~^^^^
    TypeError: 'NoneType' object is not subscriptable
[E 231213 15:05:24 demo2:126] Error in checking gap-up pattern for token 12863: 'NoneType' object is not subscriptable
    Traceback (most recent call last):
      File "/home/ayush/Desktop/angelone_smartapi/angelOne/demo2.py", line 115, in gapup_pattern
        current_open = candle_data[-1][1]
                       ~~~~~~~~~~~^^^^
    TypeError: 'NoneType' object is not subscriptable
[E 231213 15:05:24 demo2:196] Error in checking Doji pattern for token 12863: 'NoneType' object is not subscriptable
    Traceback (most recent call last):
      File "/home/ayush/Desktop/angelone_smartapi/angelOne/demo2.py", line 187, in check_doji_pattern
        price_difference = abs(candle_data[-1][1] - candle_data[-1][4])
                               ~~~~~~~~~~~^^^^
    TypeError: 'NoneType' object is not subscriptable
[E 231213 15:05:24 demo2:216] Error in checking Doji pattern for token 12863: 'NoneType' object is not subscriptable
    Traceback (most recent call last):
      File "/home/ayush/Desktop/angelone_smartapi/angelOne/demo2.py", line 204, in bullish_piercing_pattern
        open_price, close_price = candle_data[-2][1], candle_data[-2][4]   #this is for candle before current
                                  ~~~~~~~~~~~^^^^
    TypeError: 'NoneType' object is not subscriptable
[E 231213 15:05:24 demo2:178] Error in checking bullish engulfing pattern for token 14782: 'NoneType' object is not subscriptable
    Traceback (most recent call last):
      File "/home/ayush/Desktop/angelone_smartapi/angelOne/demo2.py", line 154, in check_bullish_engulfing
        last_green_candle = candle_data[-1][4] - candle_data[-1][1]
                            ~~~~~~~~~~~^^^^
    TypeError: 'NoneType' object is not subscriptable
[E 231213 15:05:24 demo2:144] Error in checking hammer pattern for token 14782: 'NoneType' object is not subscriptable
    Traceback (most recent call last):
      File "/home/ayush/Desktop/angelone_smartapi/angelOne/demo2.py", line 134, in check_hammer_pattern
        body = (candle_data[-1][4] - candle_data[-1][1])
                ~~~~~~~~~~~^^^^
    TypeError: 'NoneType' object is not subscriptable
[E 231213 15:05:24 demo2:126] Error in checking gap-up pattern for token 14782: 'NoneType' object is not subscriptable
    Traceback (most recent call last):
      File "/home/ayush/Desktop/angelone_smartapi/angelOne/demo2.py", line 115, in gapup_pattern
        current_open = candle_data[-1][1]
                       ~~~~~~~~~~~^^^^
    TypeError: 'NoneType' object is not subscriptable
[E 231213 15:05:24 demo2:196] Error in checking Doji pattern for token 14782: 'NoneType' object is not subscriptable
    Traceback (most recent call last):
      File "/home/ayush/Desktop/angelone_smartapi/angelOne/demo2.py", line 187, in check_doji_pattern
        price_difference = abs(candle_data[-1][1] - candle_data[-1][4])
                               ~~~~~~~~~~~^^^^
    TypeError: 'NoneType' object is not subscriptable
[E 231213 15:05:24 demo2:216] Error in checking Doji pattern for token 14782: 'NoneType' object is not subscriptable
    Traceback (most recent call last):
      File "/home/ayush/Desktop/angelone_smartapi/angelOne/demo2.py", line 204, in bullish_piercing_pattern
        open_price, close_price = candle_data[-2][1], candle_data[-2][4]   #this is for candle before current
                                  ~~~~~~~~~~~^^^^
    TypeError: 'NoneType' object is not subscriptable
[E 231213 15:05:24 demo2:178] Error in checking bullish engulfing pattern for token 14747: 'NoneType' object is not subscriptable
    Traceback (most recent call last):
      File "/home/ayush/Desktop/angelone_smartapi/angelOne/demo2.py", line 154, in check_bullish_engulfing
        last_green_candle = candle_data[-1][4] - candle_data[-1][1]
                            ~~~~~~~~~~~^^^^
    TypeError: 'NoneType' object is not subscriptable
[E 231213 15:05:24 demo2:144] Error in checking hammer pattern for token 14747: 'NoneType' object is not subscriptable
    Traceback (most recent call last):
      File "/home/ayush/Desktop/angelone_smartapi/angelOne/demo2.py", line 134, in check_hammer_pattern
        body = (candle_data[-1][4] - candle_data[-1][1])
                ~~~~~~~~~~~^^^^
    TypeError: 'NoneType' object is not subscriptable
[E 231213 15:05:24 demo2:126] Error in checking gap-up pattern for token 14747: 'NoneType' object is not subscriptable
    Traceback (most recent call last):
      File "/home/ayush/Desktop/angelone_smartapi/angelOne/demo2.py", line 115, in gapup_pattern
        current_open = candle_data[-1][1]
                       ~~~~~~~~~~~^^^^
    TypeError: 'NoneType' object is not subscriptable
[E 231213 15:05:24 demo2:196] Error in checking Doji pattern for token 14747: 'NoneType' object is not subscriptable
    Traceback (most recent call last):
      File "/home/ayush/Desktop/angelone_smartapi/angelOne/demo2.py", line 187, in check_doji_pattern
        price_difference = abs(candle_data[-1][1] - candle_data[-1][4])
                               ~~~~~~~~~~~^^^^
    TypeError: 'NoneType' object is not subscriptable
[E 231213 15:05:24 demo2:216] Error in checking Doji pattern for token 14747: 'NoneType' object is not subscriptable
    Traceback (most recent call last):
      File "/home/ayush/Desktop/angelone_smartapi/angelOne/demo2.py", line 204, in bullish_piercing_pattern
        open_price, close_price = candle_data[-2][1], candle_data[-2][4]   #this is for candle before current
                                  ~~~~~~~~~~~^^^^
    TypeError: 'NoneType' object is not subscriptable
[E 231213 15:05:24 demo2:178] Error in checking bullish engulfing pattern for token 14778: 'NoneType' object is not subscriptable
    Traceback (most recent call last):
      File "/home/ayush/Desktop/angelone_smartapi/angelOne/demo2.py", line 154, in check_bullish_engulfing
        last_green_candle = candle_data[-1][4] - candle_data[-1][1]
                            ~~~~~~~~~~~^^^^
    TypeError: 'NoneType' object is not subscriptable
[E 231213 15:05:24 demo2:144] Error in checking hammer pattern for token 14778: 'NoneType' object is not subscriptable
    Traceback (most recent call last):
      File "/home/ayush/Desktop/angelone_smartapi/angelOne/demo2.py", line 134, in check_hammer_pattern
        body = (candle_data[-1][4] - candle_data[-1][1])
                ~~~~~~~~~~~^^^^
    TypeError: 'NoneType' object is not subscriptable
[E 231213 15:05:24 demo2:126] Error in checking gap-up pattern for token 14778: 'NoneType' object is not subscriptable
    Traceback (most recent call last):
      File "/home/ayush/Desktop/angelone_smartapi/angelOne/demo2.py", line 115, in gapup_pattern
        current_open = candle_data[-1][1]
                       ~~~~~~~~~~~^^^^
    TypeError: 'NoneType' object is not subscriptable
[E 231213 15:05:24 demo2:196] Error in checking Doji pattern for token 14778: 'NoneType' object is not subscriptable
    Traceback (most recent call last):
      File "/home/ayush/Desktop/angelone_smartapi/angelOne/demo2.py", line 187, in check_doji_pattern
        price_difference = abs(candle_data[-1][1] - candle_data[-1][4])
                               ~~~~~~~~~~~^^^^
    TypeError: 'NoneType' object is not subscriptable
[E 231213 15:05:24 demo2:216] Error in checking Doji pattern for token 14778: 'NoneType' object is not subscriptable
    Traceback (most recent call last):
      File "/home/ayush/Desktop/angelone_smartapi/angelOne/demo2.py", line 204, in bullish_piercing_pattern
        open_price, close_price = candle_data[-2][1], candle_data[-2][4]   #this is for candle before current
                                  ~~~~~~~~~~~^^^^
    TypeError: 'NoneType' object is not subscriptable
[E 231213 15:05:24 demo2:178] Error in checking bullish engulfing pattern for token 14762: 'NoneType' object is not subscriptable
    Traceback (most recent call last):
      File "/home/ayush/Desktop/angelone_smartapi/angelOne/demo2.py", line 154, in check_bullish_engulfing
        last_green_candle = candle_data[-1][4] - candle_data[-1][1]
                            ~~~~~~~~~~~^^^^
    TypeError: 'NoneType' object is not subscriptable
[E 231213 15:05:24 demo2:144] Error in checking hammer pattern for token 14762: 'NoneType' object is not subscriptable
    Traceback (most recent call last):
      File "/home/ayush/Desktop/angelone_smartapi/angelOne/demo2.py", line 134, in check_hammer_pattern
        body = (candle_data[-1][4] - candle_data[-1][1])
                ~~~~~~~~~~~^^^^
    TypeError: 'NoneType' object is not subscriptable
[E 231213 15:05:24 demo2:126] Error in checking gap-up pattern for token 14762: 'NoneType' object is not subscriptable
    Traceback (most recent call last):
      File "/home/ayush/Desktop/angelone_smartapi/angelOne/demo2.py", line 115, in gapup_pattern
        current_open = candle_data[-1][1]
                       ~~~~~~~~~~~^^^^
    TypeError: 'NoneType' object is not subscriptable
[E 231213 15:05:24 demo2:196] Error in checking Doji pattern for token 14762: 'NoneType' object is not subscriptable
    Traceback (most recent call last):
      File "/home/ayush/Desktop/angelone_smartapi/angelOne/demo2.py", line 187, in check_doji_pattern
        price_difference = abs(candle_data[-1][1] - candle_data[-1][4])
                               ~~~~~~~~~~~^^^^
    TypeError: 'NoneType' object is not subscriptable
[E 231213 15:05:24 demo2:216] Error in checking Doji pattern for token 14762: 'NoneType' object is not subscriptable
    Traceback (most recent call last):
      File "/home/ayush/Desktop/angelone_smartapi/angelOne/demo2.py", line 204, in bullish_piercing_pattern
        open_price, close_price = candle_data[-2][1], candle_data[-2][4]   #this is for candle before current
                                  ~~~~~~~~~~~^^^^
    TypeError: 'NoneType' object is not subscriptable
[E 231213 15:05:24 demo2:178] Error in checking bullish engulfing pattern for token 14755: 'NoneType' object is not subscriptable
    Traceback (most recent call last):
      File "/home/ayush/Desktop/angelone_smartapi/angelOne/demo2.py", line 154, in check_bullish_engulfing
        last_green_candle = candle_data[-1][4] - candle_data[-1][1]
                            ~~~~~~~~~~~^^^^
    TypeError: 'NoneType' object is not subscriptable
[E 231213 15:05:24 demo2:144] Error in checking hammer pattern for token 14755: 'NoneType' object is not subscriptable
    Traceback (most recent call last):
      File "/home/ayush/Desktop/angelone_smartapi/angelOne/demo2.py", line 134, in check_hammer_pattern
        body = (candle_data[-1][4] - candle_data[-1][1])
                ~~~~~~~~~~~^^^^
    TypeError: 'NoneType' object is not subscriptable
[E 231213 15:05:24 demo2:126] Error in checking gap-up pattern for token 14755: 'NoneType' object is not subscriptable
    Traceback (most recent call last):
      File "/home/ayush/Desktop/angelone_smartapi/angelOne/demo2.py", line 115, in gapup_pattern
        current_open = candle_data[-1][1]
                       ~~~~~~~~~~~^^^^
    TypeError: 'NoneType' object is not subscriptable
[E 231213 15:05:24 demo2:196] Error in checking Doji pattern for token 14755: 'NoneType' object is not subscriptable
    Traceback (most recent call last):
      File "/home/ayush/Desktop/angelone_smartapi/angelOne/demo2.py", line 187, in check_doji_pattern
        price_difference = abs(candle_data[-1][1] - candle_data[-1][4])
                               ~~~~~~~~~~~^^^^
    TypeError: 'NoneType' object is not subscriptable
[E 231213 15:05:24 demo2:216] Error in checking Doji pattern for token 14755: 'NoneType' object is not subscriptable
    Traceback (most recent call last):
      File "/home/ayush/Desktop/angelone_smartapi/angelOne/demo2.py", line 204, in bullish_piercing_pattern
        open_price, close_price = candle_data[-2][1], candle_data[-2][4]   #this is for candle before current
                                  ~~~~~~~~~~~^^^^
    TypeError: 'NoneType' object is not subscriptable
[E 231213 15:05:24 demo2:178] Error in checking bullish engulfing pattern for token 14772: 'NoneType' object is not subscriptable
    Traceback (most recent call last):
      File "/home/ayush/Desktop/angelone_smartapi/angelOne/demo2.py", line 154, in check_bullish_engulfing
        last_green_candle = candle_data[-1][4] - candle_data[-1][1]
                            ~~~~~~~~~~~^^^^
    TypeError: 'NoneType' object is not subscriptable
[E 231213 15:05:24 demo2:144] Error in checking hammer pattern for token 14772: 'NoneType' object is not subscriptable
    Traceback (most recent call last):
      File "/home/ayush/Desktop/angelone_smartapi/angelOne/demo2.py", line 134, in check_hammer_pattern
        body = (candle_data[-1][4] - candle_data[-1][1])
                ~~~~~~~~~~~^^^^
    TypeError: 'NoneType' object is not subscriptable
[E 231213 15:05:24 demo2:126] Error in checking gap-up pattern for token 14772: 'NoneType' object is not subscriptable
    Traceback (most recent call last):
      File "/home/ayush/Desktop/angelone_smartapi/angelOne/demo2.py", line 115, in gapup_pattern
        current_open = candle_data[-1][1]
                       ~~~~~~~~~~~^^^^
    TypeError: 'NoneType' object is not subscriptable
[E 231213 15:05:24 demo2:196] Error in checking Doji pattern for token 14772: 'NoneType' object is not subscriptable
    Traceback (most recent call last):
      File "/home/ayush/Desktop/angelone_smartapi/angelOne/demo2.py", line 187, in check_doji_pattern
        price_difference = abs(candle_data[-1][1] - candle_data[-1][4])
                               ~~~~~~~~~~~^^^^
    TypeError: 'NoneType' object is not subscriptable
[E 231213 15:05:24 demo2:216] Error in checking Doji pattern for token 14772: 'NoneType' object is not subscriptable
    Traceback (most recent call last):
      File "/home/ayush/Desktop/angelone_smartapi/angelOne/demo2.py", line 204, in bullish_piercing_pattern
        open_price, close_price = candle_data[-2][1], candle_data[-2][4]   #this is for candle before current
                                  ~~~~~~~~~~~^^^^
    TypeError: 'NoneType' object is not subscriptable
