[E 231209 10:53:09 indicators:146] Error in checking pattern for token 14777: 'NoneType' object is not subscriptable
    Traceback (most recent call last):
      File "/home/ayush/Desktop/angelone_smartapi/angelOne/indicators.py", line 134, in check_bullish_engulfing
        last_green_candle = candle_data[-1][4] - candle_data[-2][1]
                            ~~~~~~~~~~~^^^^
    TypeError: 'NoneType' object is not subscriptable
[E 231209 10:53:10 indicators:107] Error in checking hammer pattern for token 14777: 'NoneType' object is not subscriptable
    Traceback (most recent call last):
      File "/home/ayush/Desktop/angelone_smartapi/angelOne/indicators.py", line 92, in check_hammer_pattern
        body = (candle_data[-1][4] - candle_data[-1][1])
                ~~~~~~~~~~~^^^^
    TypeError: 'NoneType' object is not subscriptable
[E 231209 10:54:50 indicators:146] Error in checking pattern for token 14758: 'NoneType' object is not subscriptable
    Traceback (most recent call last):
      File "/home/ayush/Desktop/angelone_smartapi/angelOne/indicators.py", line 134, in check_bullish_engulfing
        last_green_candle = candle_data[-1][4] - candle_data[-2][1]
                            ~~~~~~~~~~~^^^^
    TypeError: 'NoneType' object is not subscriptable
[E 231209 10:54:51 indicators:107] Error in checking hammer pattern for token 14758: 'NoneType' object is not subscriptable
    Traceback (most recent call last):
      File "/home/ayush/Desktop/angelone_smartapi/angelOne/indicators.py", line 92, in check_hammer_pattern
        body = (candle_data[-1][4] - candle_data[-1][1])
                ~~~~~~~~~~~^^^^
    TypeError: 'NoneType' object is not subscriptable
[E 231209 11:06:54 indicators:146] Error in checking pattern for token 14777: 'NoneType' object is not subscriptable
    Traceback (most recent call last):
      File "/home/ayush/Desktop/angelone_smartapi/angelOne/indicators.py", line 134, in check_bullish_engulfing
        last_green_candle = candle_data[-1][4] - candle_data[-2][1]
                            ~~~~~~~~~~~^^^^
    TypeError: 'NoneType' object is not subscriptable
[E 231209 11:06:55 indicators:107] Error in checking hammer pattern for token 14777: 'NoneType' object is not subscriptable
    Traceback (most recent call last):
      File "/home/ayush/Desktop/angelone_smartapi/angelOne/indicators.py", line 92, in check_hammer_pattern
        body = (candle_data[-1][4] - candle_data[-1][1])
                ~~~~~~~~~~~^^^^
    TypeError: 'NoneType' object is not subscriptable
[E 231209 11:08:35 indicators:146] Error in checking pattern for token 14758: 'NoneType' object is not subscriptable
    Traceback (most recent call last):
      File "/home/ayush/Desktop/angelone_smartapi/angelOne/indicators.py", line 134, in check_bullish_engulfing
        last_green_candle = candle_data[-1][4] - candle_data[-2][1]
                            ~~~~~~~~~~~^^^^
    TypeError: 'NoneType' object is not subscriptable
[E 231209 11:08:36 indicators:107] Error in checking hammer pattern for token 14758: 'NoneType' object is not subscriptable
    Traceback (most recent call last):
      File "/home/ayush/Desktop/angelone_smartapi/angelOne/indicators.py", line 92, in check_hammer_pattern
        body = (candle_data[-1][4] - candle_data[-1][1])
                ~~~~~~~~~~~^^^^
    TypeError: 'NoneType' object is not subscriptable
[E 231209 11:12:24 indicators:146] Error in checking pattern for token 14755: 'NoneType' object is not subscriptable
    Traceback (most recent call last):
      File "/home/ayush/Desktop/angelone_smartapi/angelOne/indicators.py", line 134, in check_bullish_engulfing
        last_green_candle = candle_data[-1][4] - candle_data[-2][1]
                            ~~~~~~~~~~~^^^^
    TypeError: 'NoneType' object is not subscriptable
[E 231209 11:12:25 indicators:107] Error in checking hammer pattern for token 14755: 'NoneType' object is not subscriptable
    Traceback (most recent call last):
      File "/home/ayush/Desktop/angelone_smartapi/angelOne/indicators.py", line 92, in check_hammer_pattern
        body = (candle_data[-1][4] - candle_data[-1][1])
                ~~~~~~~~~~~^^^^
    TypeError: 'NoneType' object is not subscriptable
[E 231209 11:14:03 indicators:146] Error in checking pattern for token 14782: 'NoneType' object is not subscriptable
    Traceback (most recent call last):
      File "/home/ayush/Desktop/angelone_smartapi/angelOne/indicators.py", line 134, in check_bullish_engulfing
        last_green_candle = candle_data[-1][4] - candle_data[-2][1]
                            ~~~~~~~~~~~^^^^
    TypeError: 'NoneType' object is not subscriptable
[E 231209 11:14:04 indicators:107] Error in checking hammer pattern for token 14782: 'NoneType' object is not subscriptable
    Traceback (most recent call last):
      File "/home/ayush/Desktop/angelone_smartapi/angelOne/indicators.py", line 92, in check_hammer_pattern
        body = (candle_data[-1][4] - candle_data[-1][1])
                ~~~~~~~~~~~^^^^
    TypeError: 'NoneType' object is not subscriptable
[E 231209 11:14:37 indicators:146] Error in checking pattern for token 14767: 'NoneType' object is not subscriptable
    Traceback (most recent call last):
      File "/home/ayush/Desktop/angelone_smartapi/angelOne/indicators.py", line 134, in check_bullish_engulfing
        last_green_candle = candle_data[-1][4] - candle_data[-2][1]
                            ~~~~~~~~~~~^^^^
    TypeError: 'NoneType' object is not subscriptable
[E 231209 11:14:37 indicators:107] Error in checking hammer pattern for token 14767: 'NoneType' object is not subscriptable
    Traceback (most recent call last):
      File "/home/ayush/Desktop/angelone_smartapi/angelOne/indicators.py", line 92, in check_hammer_pattern
        body = (candle_data[-1][4] - candle_data[-1][1])
                ~~~~~~~~~~~^^^^
    TypeError: 'NoneType' object is not subscriptable
[E 231209 11:15:36 indicators:146] Error in checking pattern for token 12842: 'NoneType' object is not subscriptable
    Traceback (most recent call last):
      File "/home/ayush/Desktop/angelone_smartapi/angelOne/indicators.py", line 134, in check_bullish_engulfing
        last_green_candle = candle_data[-1][4] - candle_data[-2][1]
                            ~~~~~~~~~~~^^^^
    TypeError: 'NoneType' object is not subscriptable
[E 231209 11:15:36 indicators:107] Error in checking hammer pattern for token 12842: 'NoneType' object is not subscriptable
    Traceback (most recent call last):
      File "/home/ayush/Desktop/angelone_smartapi/angelOne/indicators.py", line 92, in check_hammer_pattern
        body = (candle_data[-1][4] - candle_data[-1][1])
                ~~~~~~~~~~~^^^^
    TypeError: 'NoneType' object is not subscriptable
[E 231209 11:17:26 indicators:146] Error in checking pattern for token 14774: 'NoneType' object is not subscriptable
    Traceback (most recent call last):
      File "/home/ayush/Desktop/angelone_smartapi/angelOne/indicators.py", line 134, in check_bullish_engulfing
        last_green_candle = candle_data[-1][4] - candle_data[-2][1]
                            ~~~~~~~~~~~^^^^
    TypeError: 'NoneType' object is not subscriptable
[E 231209 11:17:27 indicators:107] Error in checking hammer pattern for token 14774: 'NoneType' object is not subscriptable
    Traceback (most recent call last):
      File "/home/ayush/Desktop/angelone_smartapi/angelOne/indicators.py", line 92, in check_hammer_pattern
        body = (candle_data[-1][4] - candle_data[-1][1])
                ~~~~~~~~~~~^^^^
    TypeError: 'NoneType' object is not subscriptable
[E 231209 11:18:32 indicators:146] Error in checking pattern for token 14778: 'NoneType' object is not subscriptable
    Traceback (most recent call last):
      File "/home/ayush/Desktop/angelone_smartapi/angelOne/indicators.py", line 134, in check_bullish_engulfing
        last_green_candle = candle_data[-1][4] - candle_data[-2][1]
                            ~~~~~~~~~~~^^^^
    TypeError: 'NoneType' object is not subscriptable
[E 231209 11:18:33 indicators:107] Error in checking hammer pattern for token 14778: 'NoneType' object is not subscriptable
    Traceback (most recent call last):
      File "/home/ayush/Desktop/angelone_smartapi/angelOne/indicators.py", line 92, in check_hammer_pattern
        body = (candle_data[-1][4] - candle_data[-1][1])
                ~~~~~~~~~~~^^^^
    TypeError: 'NoneType' object is not subscriptable
[E 231209 11:25:38 indicators:146] Error in checking pattern for token 12848: 'NoneType' object is not subscriptable
    Traceback (most recent call last):
      File "/home/ayush/Desktop/angelone_smartapi/angelOne/indicators.py", line 134, in check_bullish_engulfing
        last_green_candle = candle_data[-1][4] - candle_data[-2][1]
                            ~~~~~~~~~~~^^^^
    TypeError: 'NoneType' object is not subscriptable
[E 231209 11:25:39 indicators:107] Error in checking hammer pattern for token 12848: 'NoneType' object is not subscriptable
    Traceback (most recent call last):
      File "/home/ayush/Desktop/angelone_smartapi/angelOne/indicators.py", line 92, in check_hammer_pattern
        body = (candle_data[-1][4] - candle_data[-1][1])
                ~~~~~~~~~~~^^^^
    TypeError: 'NoneType' object is not subscriptable
[E 231209 11:26:23 indicators:146] Error in checking pattern for token 12841: 'NoneType' object is not subscriptable
    Traceback (most recent call last):
      File "/home/ayush/Desktop/angelone_smartapi/angelOne/indicators.py", line 134, in check_bullish_engulfing
        last_green_candle = candle_data[-1][4] - candle_data[-2][1]
                            ~~~~~~~~~~~^^^^
    TypeError: 'NoneType' object is not subscriptable
[E 231209 11:26:23 indicators:107] Error in checking hammer pattern for token 12841: 'NoneType' object is not subscriptable
    Traceback (most recent call last):
      File "/home/ayush/Desktop/angelone_smartapi/angelOne/indicators.py", line 92, in check_hammer_pattern
        body = (candle_data[-1][4] - candle_data[-1][1])
                ~~~~~~~~~~~^^^^
    TypeError: 'NoneType' object is not subscriptable
[E 231209 11:33:39 indicators:146] Error in checking pattern for token 14764: 'NoneType' object is not subscriptable
    Traceback (most recent call last):
      File "/home/ayush/Desktop/angelone_smartapi/angelOne/indicators.py", line 134, in check_bullish_engulfing
        last_green_candle = candle_data[-1][4] - candle_data[-2][1]
                            ~~~~~~~~~~~^^^^
    TypeError: 'NoneType' object is not subscriptable
[E 231209 11:33:39 indicators:107] Error in checking hammer pattern for token 14764: 'NoneType' object is not subscriptable
    Traceback (most recent call last):
      File "/home/ayush/Desktop/angelone_smartapi/angelOne/indicators.py", line 92, in check_hammer_pattern
        body = (candle_data[-1][4] - candle_data[-1][1])
                ~~~~~~~~~~~^^^^
    TypeError: 'NoneType' object is not subscriptable
[E 231209 11:34:25 indicators:146] Error in checking pattern for token 14772: 'NoneType' object is not subscriptable
    Traceback (most recent call last):
      File "/home/ayush/Desktop/angelone_smartapi/angelOne/indicators.py", line 134, in check_bullish_engulfing
        last_green_candle = candle_data[-1][4] - candle_data[-2][1]
                            ~~~~~~~~~~~^^^^
    TypeError: 'NoneType' object is not subscriptable
[E 231209 11:34:26 indicators:107] Error in checking hammer pattern for token 14772: 'NoneType' object is not subscriptable
    Traceback (most recent call last):
      File "/home/ayush/Desktop/angelone_smartapi/angelOne/indicators.py", line 92, in check_hammer_pattern
        body = (candle_data[-1][4] - candle_data[-1][1])
                ~~~~~~~~~~~^^^^
    TypeError: 'NoneType' object is not subscriptable
[E 231209 11:38:39 indicators:146] Error in checking pattern for token 14747: 'NoneType' object is not subscriptable
    Traceback (most recent call last):
      File "/home/ayush/Desktop/angelone_smartapi/angelOne/indicators.py", line 134, in check_bullish_engulfing
        last_green_candle = candle_data[-1][4] - candle_data[-2][1]
                            ~~~~~~~~~~~^^^^
    TypeError: 'NoneType' object is not subscriptable
[E 231209 11:38:40 indicators:107] Error in checking hammer pattern for token 14747: 'NoneType' object is not subscriptable
    Traceback (most recent call last):
      File "/home/ayush/Desktop/angelone_smartapi/angelOne/indicators.py", line 92, in check_hammer_pattern
        body = (candle_data[-1][4] - candle_data[-1][1])
                ~~~~~~~~~~~^^^^
    TypeError: 'NoneType' object is not subscriptable
[E 231209 11:39:18 indicators:146] Error in checking pattern for token 14753: 'NoneType' object is not subscriptable
    Traceback (most recent call last):
      File "/home/ayush/Desktop/angelone_smartapi/angelOne/indicators.py", line 134, in check_bullish_engulfing
        last_green_candle = candle_data[-1][4] - candle_data[-2][1]
                            ~~~~~~~~~~~^^^^
    TypeError: 'NoneType' object is not subscriptable
[E 231209 11:39:18 indicators:107] Error in checking hammer pattern for token 14753: 'NoneType' object is not subscriptable
    Traceback (most recent call last):
      File "/home/ayush/Desktop/angelone_smartapi/angelOne/indicators.py", line 92, in check_hammer_pattern
        body = (candle_data[-1][4] - candle_data[-1][1])
                ~~~~~~~~~~~^^^^
    TypeError: 'NoneType' object is not subscriptable
[E 231209 11:40:02 indicators:146] Error in checking pattern for token 14751: 'NoneType' object is not subscriptable
    Traceback (most recent call last):
      File "/home/ayush/Desktop/angelone_smartapi/angelOne/indicators.py", line 134, in check_bullish_engulfing
        last_green_candle = candle_data[-1][4] - candle_data[-2][1]
                            ~~~~~~~~~~~^^^^
    TypeError: 'NoneType' object is not subscriptable
[E 231209 11:40:03 indicators:107] Error in checking hammer pattern for token 14751: 'NoneType' object is not subscriptable
    Traceback (most recent call last):
      File "/home/ayush/Desktop/angelone_smartapi/angelOne/indicators.py", line 92, in check_hammer_pattern
        body = (candle_data[-1][4] - candle_data[-1][1])
                ~~~~~~~~~~~^^^^
    TypeError: 'NoneType' object is not subscriptable
[E 231209 11:40:12 indicators:146] Error in checking pattern for token 12863: 'NoneType' object is not subscriptable
    Traceback (most recent call last):
      File "/home/ayush/Desktop/angelone_smartapi/angelOne/indicators.py", line 134, in check_bullish_engulfing
        last_green_candle = candle_data[-1][4] - candle_data[-2][1]
                            ~~~~~~~~~~~^^^^
    TypeError: 'NoneType' object is not subscriptable
[E 231209 11:40:13 indicators:107] Error in checking hammer pattern for token 12863: 'NoneType' object is not subscriptable
    Traceback (most recent call last):
      File "/home/ayush/Desktop/angelone_smartapi/angelOne/indicators.py", line 92, in check_hammer_pattern
        body = (candle_data[-1][4] - candle_data[-1][1])
                ~~~~~~~~~~~^^^^
    TypeError: 'NoneType' object is not subscriptable
[E 231209 11:40:18 indicators:146] Error in checking pattern for token 14762: 'NoneType' object is not subscriptable
    Traceback (most recent call last):
      File "/home/ayush/Desktop/angelone_smartapi/angelOne/indicators.py", line 134, in check_bullish_engulfing
        last_green_candle = candle_data[-1][4] - candle_data[-2][1]
                            ~~~~~~~~~~~^^^^
    TypeError: 'NoneType' object is not subscriptable
[E 231209 11:40:18 indicators:107] Error in checking hammer pattern for token 14762: 'NoneType' object is not subscriptable
    Traceback (most recent call last):
      File "/home/ayush/Desktop/angelone_smartapi/angelOne/indicators.py", line 92, in check_hammer_pattern
        body = (candle_data[-1][4] - candle_data[-1][1])
                ~~~~~~~~~~~^^^^
    TypeError: 'NoneType' object is not subscriptable
[E 231209 11:40:31 indicators:146] Error in checking pattern for token 14781: 'NoneType' object is not subscriptable
    Traceback (most recent call last):
      File "/home/ayush/Desktop/angelone_smartapi/angelOne/indicators.py", line 134, in check_bullish_engulfing
        last_green_candle = candle_data[-1][4] - candle_data[-2][1]
                            ~~~~~~~~~~~^^^^
    TypeError: 'NoneType' object is not subscriptable
[E 231209 11:40:32 indicators:107] Error in checking hammer pattern for token 14781: 'NoneType' object is not subscriptable
    Traceback (most recent call last):
      File "/home/ayush/Desktop/angelone_smartapi/angelOne/indicators.py", line 92, in check_hammer_pattern
        body = (candle_data[-1][4] - candle_data[-1][1])
                ~~~~~~~~~~~^^^^
    TypeError: 'NoneType' object is not subscriptable
[E 231209 11:44:25 indicators:146] Error in checking pattern for token 14784: 'NoneType' object is not subscriptable
    Traceback (most recent call last):
      File "/home/ayush/Desktop/angelone_smartapi/angelOne/indicators.py", line 134, in check_bullish_engulfing
        last_green_candle = candle_data[-1][4] - candle_data[-2][1]
                            ~~~~~~~~~~~^^^^
    TypeError: 'NoneType' object is not subscriptable
[E 231209 11:44:25 indicators:107] Error in checking hammer pattern for token 14784: 'NoneType' object is not subscriptable
    Traceback (most recent call last):
      File "/home/ayush/Desktop/angelone_smartapi/angelOne/indicators.py", line 92, in check_hammer_pattern
        body = (candle_data[-1][4] - candle_data[-1][1])
                ~~~~~~~~~~~^^^^
    TypeError: 'NoneType' object is not subscriptable
[E 231209 11:46:01 indicators:146] Error in checking pattern for token 14769: 'NoneType' object is not subscriptable
    Traceback (most recent call last):
      File "/home/ayush/Desktop/angelone_smartapi/angelOne/indicators.py", line 134, in check_bullish_engulfing
        last_green_candle = candle_data[-1][4] - candle_data[-2][1]
                            ~~~~~~~~~~~^^^^
    TypeError: 'NoneType' object is not subscriptable
[E 231209 11:46:02 indicators:107] Error in checking hammer pattern for token 14769: 'NoneType' object is not subscriptable
    Traceback (most recent call last):
      File "/home/ayush/Desktop/angelone_smartapi/angelOne/indicators.py", line 92, in check_hammer_pattern
        body = (candle_data[-1][4] - candle_data[-1][1])
                ~~~~~~~~~~~^^^^
    TypeError: 'NoneType' object is not subscriptable
